Log file open, 10/10/19 18:40:50
LogWindows: Failed to load 'aqProf.dll' (GetLastError=126)
LogWindows: File 'aqProf.dll' does not exist
LogWindows: Failed to load 'VSPerf140.dll' (GetLastError=126)
LogWindows: File 'VSPerf140.dll' does not exist
LogWindows: Failed to load 'VtuneApi.dll' (GetLastError=126)
LogWindows: File 'VtuneApi.dll' does not exist
LogWindows: Failed to load 'VtuneApi32e.dll' (GetLastError=126)
LogWindows: File 'VtuneApi32e.dll' does not exist
LogInit: Display: Running engine for game: TeamFellowship
LogPlatformFile: Not using cached read wrapper
LogTaskGraph: Started task graph with 5 named threads and 23 total threads with 3 sets of task threads.
LogStats: Stats thread started at 0.256354
LogD3D11RHI: Loaded GFSDK_Aftermath_Lib.x64.dll
LogICUInternationalization: Display: ICU TimeZone Detection - Raw Offset: +0:00, Platform Override: ''
LogPluginManager: Mounting plugin Paper2D
LogPluginManager: Mounting plugin AISupport
LogPluginManager: Mounting plugin LightPropagationVolume
LogPluginManager: Mounting plugin CLionSourceCodeAccess
LogPluginManager: Mounting plugin CodeLiteSourceCodeAccess
LogPluginManager: Mounting plugin GitSourceControl
LogPluginManager: Mounting plugin KDevelopSourceCodeAccess
LogPluginManager: Mounting plugin NullSourceCodeAccess
LogPluginManager: Mounting plugin PerforceSourceControl
LogPluginManager: Mounting plugin SubversionSourceControl
LogPluginManager: Mounting plugin UObjectPlugin
LogPluginManager: Mounting plugin VisualStudioCodeSourceCodeAccess
LogPluginManager: Mounting plugin VisualStudioSourceCodeAccess
LogPluginManager: Mounting plugin XCodeSourceCodeAccess
LogPluginManager: Mounting plugin AssetManagerEditor
LogPluginManager: Mounting plugin CryptoKeys
LogPluginManager: Mounting plugin DataValidation
LogPluginManager: Mounting plugin FacialAnimation
LogPluginManager: Mounting plugin GameplayTagsEditor
LogPluginManager: Mounting plugin MacGraphicsSwitching
LogPluginManager: Mounting plugin MeshEditor
LogPluginManager: Mounting plugin MobileLauncherProfileWizard
LogPluginManager: Mounting plugin PluginBrowser
LogPluginManager: Mounting plugin SpeedTreeImporter
LogPluginManager: Mounting plugin DatasmithContent
LogPluginManager: Mounting plugin AlembicImporter
LogPluginManager: Mounting plugin AppleImageUtils
LogPluginManager: Mounting plugin AppleVision
LogPluginManager: Mounting plugin BackChannel
LogPluginManager: Mounting plugin CharacterAI
LogPluginManager: Mounting plugin GeometryCache
LogPluginManager: Mounting plugin HTML5Networking
LogPluginManager: Mounting plugin ProxyLODPlugin
LogPluginManager: Mounting plugin MagicLeap
LogPluginManager: Mounting plugin MagicLeapEmulator
LogPluginManager: Mounting plugin MagicLeapMedia
LogPluginManager: Mounting plugin AndroidMedia
LogPluginManager: Mounting plugin AvfMedia
LogPluginManager: Mounting plugin ImgMedia
LogPluginManager: Mounting plugin LinearTimecode
LogPluginManager: Mounting plugin MediaCompositing
LogPluginManager: Mounting plugin MediaPlayerEditor
LogPluginManager: Mounting plugin WmfMedia
LogPluginManager: Mounting plugin TcpMessaging
LogPluginManager: Mounting plugin UdpMessaging
LogPluginManager: Mounting plugin ActorSequence
LogPluginManager: Mounting plugin LevelSequenceEditor
LogPluginManager: Mounting plugin MatineeToLevelSequence
LogPluginManager: Mounting plugin NetcodeUnitTest
LogPluginManager: Mounting plugin NUTUnrealEngine4
LogPluginManager: Mounting plugin OnlineSubsystemGooglePlay
LogPluginManager: Mounting plugin OnlineSubsystemIOS
LogPluginManager: Mounting plugin OnlineSubsystem
LogPluginManager: Mounting plugin OnlineSubsystemNull
LogPluginManager: Mounting plugin OnlineSubsystemUtils
LogPluginManager: Mounting plugin LauncherChunkInstaller
LogPluginManager: Mounting plugin AndroidDeviceProfileSelector
LogPluginManager: Mounting plugin AndroidMoviePlayer
LogPluginManager: Mounting plugin AndroidPermission
LogPluginManager: Mounting plugin AppleMoviePlayer
LogPluginManager: Mounting plugin ArchVisCharacter
LogPluginManager: Mounting plugin AudioCapture
LogPluginManager: Mounting plugin CableComponent
LogPluginManager: Mounting plugin CustomMeshComponent
LogPluginManager: Mounting plugin EditableMesh
LogPluginManager: Mounting plugin ExampleDeviceProfileSelector
LogPluginManager: Mounting plugin GoogleCloudMessaging
LogPluginManager: Mounting plugin ImmediatePhysics
LogPluginManager: Mounting plugin IOSDeviceProfileSelector
LogPluginManager: Mounting plugin LinuxDeviceProfileSelector
LogPluginManager: Mounting plugin LocationServicesBPLibrary
LogPluginManager: Mounting plugin MobilePatchingUtils
LogPluginManager: Mounting plugin OculusVR
LogPluginManager: Plugin shader directory ../../../Engine/Plugins/Runtime/Oculus/OculusVR/Shaders found
LogPluginManager: Mapping shader source directory ../../../Engine/Plugins/Runtime/Oculus/OculusVR/Shaders to virtual directory /Plugin/OculusVR
LogPluginManager: Mounting plugin PhysXVehicles
LogPluginManager: Mounting plugin ProceduralMeshComponent
LogPluginManager: Mounting plugin RuntimePhysXCooking
LogPluginManager: Mounting plugin SteamVR
LogPluginManager: Mounting plugin WindowsMoviePlayer
LogStreaming: Display: Took  0.447s to configure plugins.
LogInit: Using libcurl 7.55.1-DEV
LogInit:  - built for x86_64-pc-win32
LogInit:  - supports SSL with OpenSSL/1.0.2h
LogInit:  - supports HTTP deflate (compression) using libz 1.2.8
LogInit:  - other features:
LogInit:      CURL_VERSION_SSL
LogInit:      CURL_VERSION_LIBZ
LogInit:      CURL_VERSION_IPV6
LogInit:      CURL_VERSION_ASYNCHDNS
LogInit:      CURL_VERSION_LARGEFILE
LogInit:      CURL_VERSION_IDN
LogInit:  CurlRequestOptions (configurable via config and command line):
LogInit:  - bVerifyPeer = false  - Libcurl will NOT verify peer certificate
LogInit:  - bUseHttpProxy = false  - Libcurl will NOT use HTTP proxy
LogInit:  - bDontReuseConnections = false  - Libcurl will reuse connections
LogInit:  - CertBundlePath = nullptr  - Libcurl will use whatever was configured at build time.
LogInit:  - MaxHostConnections = 16  - Libcurl will limit the number of connections to a host
LogInit:  - LocalHostAddr = Default
LogInit:  - BufferSize = 65536
LogInit: WinSock: version 1.1 (2.2), MaxSocks=32767, MaxUdp=65467
LogInit: Build: ++UE4+Release-4.20-CL-4369336
LogInit: Engine Version: 4.20.3-4369336+++UE4+Release-4.20
LogInit: Compatible Engine Version: 4.20.0-4212847+++UE4+Release-4.20
LogInit: Net CL: 4212847
LogInit: OS: Windows 7 (Service Pack 1), CPU: Intel(R) Core(TM) i7-4770K CPU @ 3.50GHz, GPU: NVIDIA GeForce GTX 1060 6GB
LogInit: Compiled (64-bit): Sep 17 2018 12:26:19
LogInit: Compiled with Visual C++: 19.13.26129.00
LogInit: Build Configuration: Development
LogInit: Branch Name: ++UE4+Release-4.20
LogInit: Command Line: -EpicPortal  -epiclocale=en-GB
LogInit: Base Directory: A:/Program Files/Epic/Unreal/UE_4.20/Engine/Binaries/Win64/
LogInit: Installed Engine Build: 1
LogDevObjectVersion: Number of dev versions registered: 20
LogDevObjectVersion:   Dev-Blueprints (B0D832E4-1F89-4F0D-ACCF-7EB736FD4AA2): 10
LogDevObjectVersion:   Dev-Build (E1C64328-A22C-4D53-A36C-8E866417BD8C): 0
LogDevObjectVersion:   Dev-Core (375EC13C-06E4-48FB-B500-84F0262A717E): 2
LogDevObjectVersion:   Dev-Editor (E4B068ED-F494-42E9-A231-DA0B2E46BB41): 24
LogDevObjectVersion:   Dev-Framework (CFFC743F-43B0-4480-9391-14DF171D2073): 34
LogDevObjectVersion:   Dev-Mobile (B02B49B5-BB20-44E9-A304-32B752E40360): 2
LogDevObjectVersion:   Dev-Networking (A4E4105C-59A1-49B5-A7C5-40C4547EDFEE): 0
LogDevObjectVersion:   Dev-Online (39C831C9-5AE6-47DC-9A44-9C173E1C8E7C): 0
LogDevObjectVersion:   Dev-Physics (78F01B33-EBEA-4F98-B9B4-84EACCB95AA2): 0
LogDevObjectVersion:   Dev-Platform (6631380F-2D4D-43E0-8009-CF276956A95A): 0
LogDevObjectVersion:   Dev-Rendering (12F88B9F-8875-4AFC-A67C-D90C383ABD29): 26
LogDevObjectVersion:   Dev-Sequencer (7B5AE74C-D270-4C10-A958-57980B212A5A): 9
LogDevObjectVersion:   Dev-VR (D7296918-1DD6-4BDD-9DE2-64A83CC13884): 2
LogDevObjectVersion:   Dev-LoadTimes (C2A15278-BFE7-4AFE-6C17-90FF531DF755): 1
LogDevObjectVersion:   Private-Geometry (6EACA3D4-40EC-4CC1-B786-8BED09428FC5): 3
LogDevObjectVersion:   Dev-AnimPhys (29E575DD-E0A3-4627-9D10-D276232CDCEA): 17
LogDevObjectVersion:   Dev-ReflectionCapture (6B266CEC-1EC7-4B8F-A30B-E4D90942FC07): 1
LogDevObjectVersion:   Dev-Automation (0DF73D61-A23F-47EA-B727-89E90C41499A): 1
LogDevObjectVersion:   FortniteMain (601D1886-AC64-4F84-AA16-D3DE0DEAC7D6): 12
LogDevObjectVersion:   Dev-Enterprise (9DFFBCD6-494F-0158-E221-12823C92A888): 1
LogStreaming: Display: Took  0.001s to delete old logs.
LogInit: Presizing for max 8388607 objects, including 0 objects not considered by GC, pre-allocating 0 bytes for permanent pool.
LogInit: Object subsystem initialized
[2019.10.10-17.40.51:208][  0]LogInit: Selected Device Profile: [Windows]
[2019.10.10-17.40.51:208][  0]LogInit: Applying CVar settings loaded from the selected device profile: [Windows]
[2019.10.10-17.40.51:230][  0]LogHAL: Display: Platform has ~ 16 GB [17115426816 / 17179869184 / 16], which maps to Larger [LargestMinGB=32, LargerMinGB=12, DefaultMinGB=8, SmallerMinGB=6, SmallestMinGB=0)
[2019.10.10-17.40.51:230][  0]LogInit: Setting Device Profile CVar: [[r.Vulkan.UseRealUBs:1]]
[2019.10.10-17.40.51:231][  0]LogInit: Going up to parent DeviceProfile []
[2019.10.10-17.40.51:231][  0]LogInit: Computer: CHARLIE-PC
[2019.10.10-17.40.51:231][  0]LogInit: User: Charlie
[2019.10.10-17.40.51:231][  0]LogInit: CPU Page size=4096, Cores=4
[2019.10.10-17.40.51:231][  0]LogInit: High frequency timer resolution =3.416035 MHz
[2019.10.10-17.40.51:231][  0]LogMemory: Memory total: Physical=15.9GB (16GB approx)
[2019.10.10-17.40.51:231][  0]LogMemory: Platform Memory Stats for Windows
[2019.10.10-17.40.51:231][  0]LogMemory: Process Physical Memory: 103.33 MB used, 103.33 MB peak
[2019.10.10-17.40.51:231][  0]LogMemory: Process Virtual Memory: 96.39 MB used, 96.39 MB peak
[2019.10.10-17.40.51:231][  0]LogMemory: Physical Memory: 7178.23 MB used,  9144.32 MB free, 16322.54 MB total
[2019.10.10-17.40.51:231][  0]LogMemory: Virtual Memory: 493.43 MB used,  9144.32 MB free, 8388608.00 MB total
[2019.10.10-17.40.51:260][  0]LogInit: Using OS detected language (en-GB).
[2019.10.10-17.40.51:260][  0]LogInit: Using OS detected locale (en-GB).
[2019.10.10-17.40.51:260][  0]LogTextLocalizationManager: No specific localization for 'en-GB' exists, so the 'en' localization will be used.
[2019.10.10-17.40.51:636][  0]LogStreaming: Display: Took  0.377s to InitEngineTextLocalization.
[2019.10.10-17.40.51:636][  0]LogWindows: Failed to load 'shcore.dll' (GetLastError=126)
[2019.10.10-17.40.51:636][  0]LogWindows: File 'shcore.dll' does not exist
[2019.10.10-17.40.51:636][  0]LogInit: Setting process to DPI aware
[2019.10.10-17.40.51:663][  0]LogSlate: New Slate User Created.  User Index 0, Is Virtual User: 0
[2019.10.10-17.40.51:663][  0]LogSlate: Slate User Registered.  User Index 0, Is Virtual User: 0
[2019.10.10-17.40.51:802][  0]LogHMD: Failed to initialize OpenVR with code 110
[2019.10.10-17.40.51:802][  0]LogD3D11RHI: D3D11 adapters:
[2019.10.10-17.40.51:841][  0]LogD3D11RHI:    0. 'NVIDIA GeForce GTX 1060 6GB' (Feature Level 11_0)
[2019.10.10-17.40.51:841][  0]LogD3D11RHI:       6036/0/7905 MB DedicatedVideo/DedicatedSystem/SharedSystem, Outputs:2, VendorId:0x10de
[2019.10.10-17.40.51:841][  0]LogD3D11RHI: Chosen D3D11 Adapter: 0
[2019.10.10-17.40.51:846][  0]LogD3D11RHI: Creating new Direct3DDevice
[2019.10.10-17.40.51:847][  0]LogD3D11RHI:     GPU DeviceId: 0x1c03 (for the marketing name, search the web for "GPU Device Id")
[2019.10.10-17.40.51:847][  0]LogWindows: EnumDisplayDevices:
[2019.10.10-17.40.51:847][  0]LogWindows:    0. 'NVIDIA GeForce GTX 1060 6GB' (P:0 D:1)
[2019.10.10-17.40.51:847][  0]LogWindows:    1. 'NVIDIA GeForce GTX 1060 6GB' (P:1 D:1)
[2019.10.10-17.40.51:847][  0]LogWindows:    2. 'NVIDIA GeForce GTX 1060 6GB' (P:0 D:0)
[2019.10.10-17.40.51:847][  0]LogWindows:    3. 'NVIDIA GeForce GTX 1060 6GB' (P:0 D:0)
[2019.10.10-17.40.51:847][  0]LogWindows:    4. 'RDPDD Chained DD' (P:0 D:0)
[2019.10.10-17.40.51:847][  0]LogWindows:    5. 'RDP Encoder Mirror Driver' (P:0 D:0)
[2019.10.10-17.40.51:848][  0]LogWindows:    6. 'RDP Reflector Display Driver' (P:0 D:0)
[2019.10.10-17.40.51:848][  0]LogWindows: DebugString: GetVideoDriverDetailsInvalid PrimaryIsNotTheChoosenAdapter GetVideoDriverDetailsInvalid PrimaryIsNotTheChoosenAdapter GetVideoDriverDetailsInvalid PrimaryIsNotTheChoosenAdapter FoundDriverCount:4 
[2019.10.10-17.40.51:848][  0]LogD3D11RHI:     Adapter Name: NVIDIA GeForce GTX 1060 6GB
[2019.10.10-17.40.51:848][  0]LogD3D11RHI:   Driver Version: 399.07 (internal:24.21.13.9907, unified:399.07)
[2019.10.10-17.40.51:848][  0]LogD3D11RHI:      Driver Date: 8-21-2018
[2019.10.10-17.40.51:848][  0]LogRHI: Texture pool is 4225 MB (70% of 6036 MB)
[2019.10.10-17.40.51:865][  0]LogD3D11RHI: Async texture creation enabled
[2019.10.10-17.40.51:880][  0]LogD3D11RHI: GPU Timing Frequency: 1000.000000 (Debug: 2 2)
[2019.10.10-17.40.51:972][  0]LogShaderCompilers: Guid format shader working directory is -3 characters bigger than the processId version (../../../../../../../Unreal Projects/TeamFellowship/Intermediate/Shaders/WorkingDirectory/4476/).
[2019.10.10-17.40.51:972][  0]LogShaderCompilers: Cleaned the shader compiler working directory 'C:/Users/Charlie/AppData/Local/Temp/UnrealShaderWorkingDir/75D867754D9940DAC4B95BA3A9AE45ED/'.
[2019.10.10-17.40.52:245][  0]LogTemp: Display: Loaded TP AllDesktopTargetPlatform
[2019.10.10-17.40.52:256][  0]LogTemp: Display: Loaded TP MacClientTargetPlatform
[2019.10.10-17.40.52:269][  0]LogTemp: Display: Loaded TP MacNoEditorTargetPlatform
[2019.10.10-17.40.52:281][  0]LogTemp: Display: Loaded TP MacServerTargetPlatform
[2019.10.10-17.40.52:294][  0]LogTemp: Display: Loaded TP MacTargetPlatform
[2019.10.10-17.40.52:307][  0]LogTemp: Display: Loaded TP WindowsClientTargetPlatform
[2019.10.10-17.40.52:322][  0]LogTemp: Display: Loaded TP WindowsNoEditorTargetPlatform
[2019.10.10-17.40.52:335][  0]LogTemp: Display: Loaded TP WindowsServerTargetPlatform
[2019.10.10-17.40.52:341][  0]LogTemp: Display: Loaded TP WindowsTargetPlatform
[2019.10.10-17.40.52:418][  0]LogTemp: Display: Loaded TP AndroidTargetPlatform
[2019.10.10-17.40.52:418][  0]LogTemp: Display: Loaded TP AndroidTargetPlatform
[2019.10.10-17.40.52:418][  0]LogTemp: Display: Loaded TP AndroidTargetPlatform
[2019.10.10-17.40.52:418][  0]LogTemp: Display: Loaded TP AndroidTargetPlatform
[2019.10.10-17.40.52:418][  0]LogTemp: Display: Loaded TP AndroidTargetPlatform
[2019.10.10-17.40.52:418][  0]LogTemp: Display: Loaded TP AndroidTargetPlatform
[2019.10.10-17.40.52:418][  0]LogTemp: Display: Loaded TP AndroidTargetPlatform
[2019.10.10-17.40.52:418][  0]LogTemp: Display: Loaded TP AndroidTargetPlatform
[2019.10.10-17.40.52:418][  0]LogTemp: Display: Loaded TP AndroidTargetPlatform
[2019.10.10-17.40.52:418][  0]LogTemp: Display: Loaded TP AndroidTargetPlatform
[2019.10.10-17.40.52:418][  0]LogTemp: Display: Loaded TP AndroidTargetPlatform
[2019.10.10-17.40.52:418][  0]LogTemp: Display: Loaded TP AndroidTargetPlatform
[2019.10.10-17.40.52:418][  0]LogTemp: Display: Loaded TP AndroidTargetPlatform
[2019.10.10-17.40.52:418][  0]LogTemp: Display: Loaded TP AndroidTargetPlatform
[2019.10.10-17.40.52:418][  0]LogTemp: Display: Loaded TP AndroidTargetPlatform
[2019.10.10-17.40.52:418][  0]LogTemp: Display: Loaded TP AndroidTargetPlatform
[2019.10.10-17.40.52:418][  0]LogTemp: Display: Loaded TP AndroidTargetPlatform
[2019.10.10-17.40.52:418][  0]LogTemp: Display: Loaded TP AndroidTargetPlatform
[2019.10.10-17.40.52:419][  0]LogTemp: Display: Loaded TP HTML5TargetPlatform
[2019.10.10-17.40.52:475][  0]LogTemp: Display: Loaded TP IOSTargetPlatform
[2019.10.10-17.40.52:475][  0]LogTemp: Display: Loaded TP IOSTargetPlatform
[2019.10.10-17.40.52:497][  0]LogTemp: Display: Loaded TP TVOSTargetPlatform
[2019.10.10-17.40.52:497][  0]LogTemp: Display: Loaded TP TVOSTargetPlatform
[2019.10.10-17.40.52:509][  0]LogTemp: Display: Loaded TP LinuxClientTargetPlatform
[2019.10.10-17.40.52:521][  0]LogTemp: Display: Loaded TP LinuxNoEditorTargetPlatform
[2019.10.10-17.40.52:533][  0]LogTemp: Display: Loaded TP LinuxServerTargetPlatform
[2019.10.10-17.40.52:546][  0]LogTemp: Display: Loaded TP LinuxTargetPlatform
[2019.10.10-17.40.52:554][  0]LogTemp: Display: Loaded TP LuminTargetPlatform
[2019.10.10-17.40.52:554][  0]LogTargetPlatformManager: Display: Building Assets For Windows
[2019.10.10-17.40.52:601][  0]LogXGEController: Cannot use XGE Controller as Incredibuild is not installed on this machine.
[2019.10.10-17.40.52:601][  0]LogShaderCompilers: Cannot use XGE Shader Compiler as Incredibuild is not installed on this machine.
[2019.10.10-17.40.52:601][  0]LogShaderCompilers: Display: Using Local Shader Compiler.
[2019.10.10-17.40.53:291][  0]LogDerivedDataCache: Display: Max Cache Size: 512 MB
[2019.10.10-17.40.53:377][  0]LogDerivedDataCache: Loaded boot cache 0.09s 71MB C:/Users/Charlie/AppData/Local/UnrealEngine/4.20/DerivedDataCache/Boot.ddc.
[2019.10.10-17.40.53:378][  0]LogDerivedDataCache: Display: Loaded Boot cache: C:/Users/Charlie/AppData/Local/UnrealEngine/4.20/DerivedDataCache/Boot.ddc
[2019.10.10-17.40.53:378][  0]LogDerivedDataCache: FDerivedDataBackendGraph:  Pak pak cache file ../../../../../../../Unreal Projects/TeamFellowship/DerivedDataCache/DDC.ddp not found, will not use a pak cache.
[2019.10.10-17.40.53:378][  0]LogDerivedDataCache: Unable to find inner node Pak for hierarchical cache Hierarchy.
[2019.10.10-17.40.53:378][  0]LogDerivedDataCache: FDerivedDataBackendGraph:  CompressedPak pak cache file ../../../../../../../Unreal Projects/TeamFellowship/DerivedDataCache/Compressed.ddp not found, will not use a pak cache.
[2019.10.10-17.40.53:378][  0]LogDerivedDataCache: Unable to find inner node CompressedPak for hierarchical cache Hierarchy.
[2019.10.10-17.40.53:393][  0]LogDerivedDataCache: Display: Pak cache opened for reading ../../../Engine/DerivedDataCache/Compressed.ddp.
[2019.10.10-17.40.53:405][  0]LogDerivedDataCache: Using Local data cache path C:/Users/Charlie/AppData/Local/UnrealEngine/Common/DerivedDataCache: Writable
[2019.10.10-17.40.53:405][  0]LogDerivedDataCache: Shared data cache path not found in *engine.ini, will not use an Shared cache.
[2019.10.10-17.40.53:405][  0]LogDerivedDataCache: Unable to find inner node Shared for hierarchical cache Hierarchy.
[2019.10.10-17.40.53:424][  0]LogMaterial: Verifying Global Shaders for PCD3D_SM5
[2019.10.10-17.40.53:426][  0]LogSlate: Using FreeType 2.6.0
[2019.10.10-17.40.53:426][  0]LogSlate: SlateFontServices - WITH_FREETYPE: 1, WITH_HARFBUZZ: 1
[2019.10.10-17.40.53:492][  0]LogAssetRegistry: FAssetRegistry took 0.0246 seconds to start up
[2019.10.10-17.40.53:786][  0]LogInit: Selected Device Profile: [Windows]
[2019.10.10-17.40.53:914][  0]LogSimplygon: Simplygon DLL not present - disabling.
[2019.10.10-17.40.53:916][  0]LogMeshReduction: Using SimplygonSwarm for distributed automatic mesh merging
[2019.10.10-17.40.53:916][  0]LogMeshReduction: Using ProxyLODMeshReduction for automatic mesh merging
[2019.10.10-17.40.53:916][  0]LogMeshReduction: Using QuadricMeshReduction for automatic static mesh reduction
[2019.10.10-17.40.53:916][  0]LogMeshReduction: No automatic skeletal mesh reduction module available
[2019.10.10-17.40.53:935][  0]LogNetVersion: TeamFellowship 1.0.0, NetCL: 4212847, EngineNetVer: 5, GameNetVer: 0 (Checksum: 626393079)
[2019.10.10-17.40.54:489][  0]LogPackageLocalizationCache: Processed 11 localized package path(s) for 2 prioritized culture(s) in 0.073172 seconds
[2019.10.10-17.40.54:495][  0]LogUObjectArray: 38425 objects as part of root set at end of initial load.
[2019.10.10-17.40.54:495][  0]LogUObjectAllocator: 6690864 out of 0 bytes used by permanent object pool.
[2019.10.10-17.40.54:495][  0]LogUObjectArray: CloseDisregardForGC: 0/0 objects in disregard for GC pool
[2019.10.10-17.40.55:235][  0]LogTcpMessaging: Initializing TcpMessaging bridge
[2019.10.10-17.40.55:248][  0]LogUdpMessaging: Initializing bridge on interface 0.0.0.0:0 to multicast group 230.0.0.1:6666.
[2019.10.10-17.40.55:402][  0]SourceControl: Source control is disabled
[2019.10.10-17.40.55:402][  0]SourceControl: Source control is disabled
[2019.10.10-17.40.55:403][  0]SourceControl: Source control is disabled
[2019.10.10-17.40.55:403][  0]SourceControl: Source control is disabled
[2019.10.10-17.40.55:558][  0]LogAndroidPermission: UAndroidPermissionCallbackProxy::GetInstance
[2019.10.10-17.40.55:653][  0]LogOcInput: OculusInput pre-init called
[2019.10.10-17.40.55:711][  0]LogEngine: Initializing Engine...
[2019.10.10-17.40.55:712][  0]LogHMD: Failed to initialize OpenVR with code 110
[2019.10.10-17.40.55:713][  0]LogStats: UGameplayTagsManager::ConstructGameplayTagTree: ImportINI prefixes -  0.000 s
[2019.10.10-17.40.55:713][  0]LogStats: UGameplayTagsManager::ConstructGameplayTagTree: Construct from data asset -  0.000 s
[2019.10.10-17.40.55:713][  0]LogStats: UGameplayTagsManager::ConstructGameplayTagTree: ImportINI -  0.000 s
[2019.10.10-17.40.55:713][  0]LogStats: UGameplayTagsManager::ConstructGameplayTagTree: GameplayTagTreeChangedEvent.Broadcast -  0.000 s
[2019.10.10-17.40.55:946][  0]LogInit: Initializing FReadOnlyCVARCache
[2019.10.10-17.40.55:957][  0]LogAIModule: Creating AISystem for world Untitled
[2019.10.10-17.40.55:991][  0]LogInit: XAudio2 using 'Headphones (SteelSeries Arctis 5 Game)' : 2 channels at 44.1 kHz using 16 bits per sample (channel mask 0x3)
[2019.10.10-17.40.56:009][  0]LogInit: FAudioDevice initialized.
[2019.10.10-17.40.56:010][  0]LogNetVersion: Set ProjectVersion to 1.0.0.0. Version Checksum will be recalculated on next use.
[2019.10.10-17.40.56:083][  0]LogDerivedDataCache: Saved boot cache 0.07s 71MB C:/Users/Charlie/AppData/Local/UnrealEngine/4.20/DerivedDataCache/Boot.ddc.
[2019.10.10-17.40.56:088][  0]LogInit: Texture streaming: Enabled
[2019.10.10-17.40.56:103][  0]LogEngineSessionManager: EngineSessionManager initialized
[2019.10.10-17.40.56:112][  0]LogInit: Transaction tracking system initialized
[2019.10.10-17.40.56:128][  0]BlueprintLog: New page: Editor Load
[2019.10.10-17.40.56:190][  0]LocalizationService: Localization service is disabled
[2019.10.10-17.40.56:480][  0]LogCook: Display: Max memory allowance for cook 16384mb min free memory 0mb
[2019.10.10-17.40.56:480][  0]LogCook: Display: Mobile HDR setting 1
[2019.10.10-17.40.56:480][  0]LogGameplayTags: Display: UGameplayTagsManager::DoneAddingNativeTags. DelegateIsBound: 0
[2019.10.10-17.40.56:480][  0]LogStats: UGameplayTagsManager::ConstructGameplayTagTree: ImportINI prefixes -  0.000 s
[2019.10.10-17.40.56:480][  0]LogStats: UGameplayTagsManager::ConstructGameplayTagTree: Construct from data asset -  0.000 s
[2019.10.10-17.40.56:480][  0]LogStats: UGameplayTagsManager::ConstructGameplayTagTree: ImportINI -  0.000 s
[2019.10.10-17.40.56:480][  0]LogStats: UGameplayTagsManager::ConstructGameplayTagTree: GameplayTagTreeChangedEvent.Broadcast -  0.000 s
[2019.10.10-17.40.56:579][  0]LogFileCache: Scanning file cache for directory 'A:/Unreal Projects/TeamFellowship/Content/' took 0.01s
[2019.10.10-17.40.56:579][  0]SourceControl: Source control is disabled
[2019.10.10-17.40.56:579][  0]Cmd: MAP LOAD FILE="../../../../../../../Unreal Projects/TeamFellowship/Content/MainLevel.umap" TEMPLATE=0 SHOWPROGRESS=1 FEATURELEVEL=3
[2019.10.10-17.40.56:580][  0]LightingResults: New page: Lighting Build
[2019.10.10-17.40.56:582][  0]MapCheck: New page: Map Check
[2019.10.10-17.40.56:582][  0]LightingResults: New page: Lighting Build
[2019.10.10-17.40.59:234][  0]LogAIModule: Creating AISystem for world MainLevel
[2019.10.10-17.40.59:366][  0]LogEditorServer: Finished looking for orphan Actors (0.000 secs)
[2019.10.10-17.40.59:397][  0]Cmd: MAP CHECKDEP NOCLEARLOG
[2019.10.10-17.40.59:433][  0]MapCheck: Map check complete: 0 Error(s), 0 Warning(s), took 36.345ms to complete.
[2019.10.10-17.40.59:433][  0]LogFileHelpers: Loading map 'MainLevel' took 2.853
[2019.10.10-17.40.59:883][  0]LogSlate: Updating window title bar state: overlay mode, drag disabled, window buttons hidden, title bar hidden
[2019.10.10-17.40.59:894][  0]LogSlate: Updating window title bar state: overlay mode, drag disabled, window buttons hidden, title bar hidden
[2019.10.10-17.40.59:904][  0]LogSlate: Updating window title bar state: overlay mode, drag disabled, window buttons hidden, title bar hidden
[2019.10.10-17.40.59:915][  0]LogSlate: Updating window title bar state: overlay mode, drag disabled, window buttons hidden, title bar hidden
[2019.10.10-17.40.59:975][  0]LogCollectionManager: Loaded 0 collections in 0.003192 seconds
[2019.10.10-17.41.00:145][  0]LogFileCache: Scanning file cache for directory 'A:/Unreal Projects/TeamFellowship/Saved/Collections/' took 0.01s
[2019.10.10-17.41.00:145][  0]LogFileCache: Scanning file cache for directory 'A:/Unreal Projects/TeamFellowship/Content/Developers/Charlie/Collections/' took 0.01s
[2019.10.10-17.41.00:145][  0]LogFileCache: Scanning file cache for directory 'A:/Unreal Projects/TeamFellowship/Content/Collections/' took 0.01s
[2019.10.10-17.41.00:145][  0]LogCollectionManager: Rebuilt the GUID cache for 0 collections in 0.000001 seconds
[2019.10.10-17.41.00:173][  0]LogContentBrowser: Native class hierarchy populated in 0.0252 seconds. Added 2572 classes and 603 folders.
[2019.10.10-17.41.00:225][  0]LogContentBrowser: Native class hierarchy updated for 'WidgetCarousel' in 0.0005 seconds. Added 0 classes and 0 folders.
[2019.10.10-17.41.01:270][  0]LogContentBrowser: Native class hierarchy updated for 'AddContentDialog' in 0.0006 seconds. Added 0 classes and 0 folders.
[2019.10.10-17.41.01:315][  0]LogContentBrowser: Native class hierarchy updated for 'SceneOutliner' in 0.0007 seconds. Added 1 classes and 2 folders.
[2019.10.10-17.41.01:636][  0]LogSlate: Took 0.000356 seconds to synchronously load lazily loaded font '../../../Engine/Content/Slate/Fonts/Roboto-Regular.ttf' (155K)
[2019.10.10-17.41.01:640][  0]LogSlate: Took 0.000218 seconds to synchronously load lazily loaded font '../../../Engine/Content/Slate/Fonts/Roboto-Bold.ttf' (160K)
[2019.10.10-17.41.01:712][  0]LogSlate: Took 0.012924 seconds to synchronously load lazily loaded font '../../../Engine/Content/Editor/Slate/Fonts/FontAwesome.ttf' (139K)
[2019.10.10-17.41.02:129][  0]LogRenderer: Reallocating scene render targets to support 1132x576 Format 10 NumSamples 1 (Frame:1).
[2019.10.10-17.41.02:370][  0]LogSlate: Took 0.004995 seconds to synchronously load lazily loaded font '../../../Engine/Content/Slate/Fonts/Roboto-Light.ttf' (167K)
[2019.10.10-17.41.02:495][  0]LogContentBrowser: Native class hierarchy updated for 'HierarchicalLODOutliner' in 0.0003 seconds. Added 0 classes and 0 folders.
[2019.10.10-17.41.02:495][  0]LogLoad: (Engine Initialization) Total time: 13.22 seconds
[2019.10.10-17.41.02:495][  0]LogLoad: (Engine Initialization) Total Blueprint compile time: 0.00 seconds
[2019.10.10-17.41.02:543][  0]LogContentStreaming: Texture pool size now 1000 MB
[2019.10.10-17.41.02:750][  1]LogAssetRegistry: Asset discovery search completed in 9.2782 seconds
[2019.10.10-17.41.02:751][  1]LogCollectionManager: Rebuilt the object cache for 0 collections in 0.000001 seconds (found 0 objects)
[2019.10.10-17.41.02:751][  1]LogCollectionManager: Fixed up redirectors for 0 collections in 0.000037 seconds (updated 0 objects)
[2019.10.10-17.41.04:029][  5]LogSlate: Took 0.000340 seconds to synchronously load lazily loaded font '../../../Engine/Content/Slate/Fonts/Roboto-Light.ttf' (167K)
[2019.10.10-18.10.23:086][285]LogSlate: FSceneViewport::OnFocusLost() reason 0
[2019.10.10-18.28.30:847][365]LogEditorViewport: Clicking on Actor (LMB): BP_Fuze_C (BP_Fuze)
[2019.10.10-18.28.35:899][903]LogSlate: FSceneViewport::OnFocusLost() reason 0
[2019.10.10-18.28.52:323][852]LogSlate: FSceneViewport::OnFocusLost() reason 2
[2019.10.10-18.28.53:136][940]LogSlate: FSceneViewport::OnFocusLost() reason 2
[2019.10.10-18.28.53:213][940]Cmd: OBJ SAVEPACKAGE PACKAGE="/Game/MainLevel" FILE="../../../../../../../Unreal Projects/TeamFellowship/Content/MainLevel.umap" SILENT=true AUTOSAVING=false KEEPDIRTY=false
[2019.10.10-18.28.53:555][940]LogSavePackage: Moving '../../../../../../../Unreal Projects/TeamFellowship/Saved/MainLevel9292BE4043F449F6F06A7EB632CA8EDD.tmp' to '../../../../../../../Unreal Projects/TeamFellowship/Content/MainLevel.umap'
[2019.10.10-18.28.53:625][940]LogFileHelpers: Saving map 'MainLevel' took 0.467
[2019.10.10-18.29.01:515][807]LogSlate: FSceneViewport::OnFocusLost() reason 0
[2019.10.10-18.29.03:296][986]LogSlate: FSceneViewport::OnFocusLost() reason 2
[2019.10.10-18.29.08:360][586]LogSlate: Took 0.012152 seconds to synchronously load lazily loaded font '../../../Engine/Content/Slate/Fonts/Roboto-Italic.ttf' (157K)
[2019.10.10-18.29.08:839][643]LogEditorViewport: Clicking on Actor (LMB): BP_Fuze_C (BP_Fuze)
[2019.10.10-18.29.16:440][548]LogSlate: FSceneViewport::OnFocusLost() reason 0
[2019.10.10-18.29.26:233][608]LogEditorViewport: Clicking on Actor (LMB): BP_FuzeManager_C (BP_FuzeManager)
[2019.10.10-18.29.28:195][829]LogSlate: FSceneViewport::OnFocusLost() reason 2
[2019.10.10-18.29.32:136][298]LogSlate: FSceneViewport::OnFocusLost() reason 2
[2019.10.10-18.29.37:218][899]LogSlate: FSceneViewport::OnFocusLost() reason 2
[2019.10.10-18.29.41:051][357]LogSlate: FSceneViewport::OnFocusLost() reason 0
[2019.10.10-18.30.10:964][933]LogEditorViewport: Clicking on Actor (LMB): TestCube_C (TestCube)
[2019.10.10-18.30.16:460][560]LogEditorViewport: Clicking on Actor (LMB): BP_FuzeManager_C (BP_FuzeManager)
[2019.10.10-18.30.17:694][699]LogSlate: FSceneViewport::OnFocusLost() reason 2
[2019.10.10-18.33.41:316][ 63]LogEditorViewport: Clicking on Actor (LMB): StaticMeshActor (Cube4)
[2019.10.10-18.33.50:648][106]LogEditorViewport: Clicking on Actor (context menu): StaticMeshActor (Floor9)
[2019.10.10-18.33.50:779][106]LogSlate: FSceneViewport::OnFocusLost() reason 2
[2019.10.10-18.33.52:791][334]LogEditorViewport: Clicking on Actor (LMB): StaticMeshActor (Cube8)
[2019.10.10-18.33.57:956][914]LogEditorViewport: Clicking on Actor (LMB): StaticMeshActor (Cube8)
[2019.10.10-18.34.20:835][493]LogEditorViewport: Clicking on Actor (LMB): StaticMeshActor (Cube7)
[2019.10.10-18.34.31:473][643]LogEditorViewport: Clicking on Actor (context menu): StaticMeshActor (Floor10)
[2019.10.10-18.34.31:521][643]LogSlate: FSceneViewport::OnFocusLost() reason 2
[2019.10.10-18.34.32:568][739]LogPlayLevel: PlayLevel: No blueprints needed recompiling
[2019.10.10-18.34.32:600][739]PIE: New page: PIE session: MainLevel (10 Oct 2019 20:34:32)
[2019.10.10-18.34.32:600][739]LogPlayLevel: Creating play world package: /Game/UEDPIE_0_MainLevel
[2019.10.10-18.34.32:638][739]LogPlayLevel: PIE: StaticDuplicateObject took: (0.038025s)
[2019.10.10-18.34.32:639][739]LogAIModule: Creating AISystem for world MainLevel
[2019.10.10-18.34.32:639][739]LogPlayLevel: PIE: World Init took: (0.000646s)
[2019.10.10-18.34.32:639][739]LogPlayLevel: PIE: Created PIE world by copying editor world from /Game/MainLevel.MainLevel to /Game/UEDPIE_0_MainLevel.MainLevel (0.038988s)
[2019.10.10-18.34.32:673][739]LogInit: XAudio2 using 'Headphones (SteelSeries Arctis 5 Game)' : 2 channels at 44.1 kHz using 16 bits per sample (channel mask 0x3)
[2019.10.10-18.34.32:693][739]LogInit: FAudioDevice initialized.
[2019.10.10-18.34.32:702][739]LogSlate: FSceneViewport::OnFocusLost() reason 2
[2019.10.10-18.34.32:757][739]LogLoad: Game class is 'MyGameMode_C'
[2019.10.10-18.34.32:779][739]LogWorld: Bringing World /Game/UEDPIE_0_MainLevel.MainLevel up for play (max tick rate 0) at 2019.10.10-19.34.32
[2019.10.10-18.34.32:811][739]LogWorld: Bringing up level for play took: 0.038602
[2019.10.10-18.34.32:888][739]LogContentBrowser: Native class hierarchy updated for 'MovieSceneCapture' in 0.0008 seconds. Added 10 classes and 0 folders.
[2019.10.10-18.34.32:889][739]LogGameMode: Display: Match State Changed from EnteringMap to WaitingToStart
[2019.10.10-18.34.32:889][739]LogGameState: Match State Changed from EnteringMap to WaitingToStart
[2019.10.10-18.34.32:889][739]LogGameMode: Display: Match State Changed from WaitingToStart to InProgress
[2019.10.10-18.34.32:902][739]LogSlate: New Slate User Created.  User Index 8, Is Virtual User: 1
[2019.10.10-18.34.32:902][739]LogSlate: Slate User Registered.  User Index 8, Is Virtual User: 1
[2019.10.10-18.34.32:939][739]LogGameState: Match State Changed from WaitingToStart to InProgress
[2019.10.10-18.34.32:939][739]PIE: Play in editor start time for /Game/UEDPIE_0_MainLevel 0.857
[2019.10.10-18.34.32:990][739]LogBlueprintUserMessages: [LockUI_C_0] Cast
[2019.10.10-18.34.32:991][739]LogBlueprintUserMessages: [DeskLockUI_C_0] Cast
[2019.10.10-18.34.32:992][739]LogBlueprintUserMessages: [CabinetLockUI_C_0] Cast
[2019.10.10-18.34.33:062][740]LogRenderer: Reallocating scene render targets to support 1132x1028 Format 10 NumSamples 1 (Frame:1).
[2019.10.10-18.34.55:805][461]LogSlate: Updating window title bar state: overlay mode, drag disabled, window buttons hidden, title bar hidden
[2019.10.10-18.34.55:839][461]LogPlayLevel: Display: Shutting down PIE online subsystems
[2019.10.10-18.34.55:877][461]LogSlate: Updating window title bar state: overlay mode, drag disabled, window buttons hidden, title bar hidden
[2019.10.10-18.34.55:879][461]LogSlate: Slate User Unregistered.  User Index 8
[2019.10.10-18.34.55:879][461]LogSlate: Slate User Destroyed.  User Index 8, Is Virtual User: 1
[2019.10.10-18.34.55:910][463]LogPlayLevel: Display: Destroying online subsystem :Context_11
[2019.10.10-18.39.16:721][551]Cmd: OBJ SAVEPACKAGE PACKAGE="/Game/MainLevel" FILE="../../../../../../../Unreal Projects/TeamFellowship/Saved/Autosaves/Game/MainLevel_Auto1.umap" SILENT=true AUTOSAVING=true KEEPDIRTY=false
[2019.10.10-18.39.16:943][551]LogSavePackage: Moving '../../../../../../../Unreal Projects/TeamFellowship/Saved/MainLevel_Auto142DA97EB430DF7C9A474EF997F02B884.tmp' to '../../../../../../../Unreal Projects/TeamFellowship/Saved/Autosaves/Game/MainLevel_Auto1.umap'
[2019.10.10-18.39.16:951][551]LogFileHelpers: Editor autosave (incl. sublevels) for '/Game/MainLevel' took 0.263
[2019.10.10-18.39.16:951][551]LogFileHelpers: Editor autosave (incl. sublevels) for all levels took 0.263
[2019.10.10-18.41.38:927][290]LogEditorViewport: Clicking on Actor (LMB): StaticMeshActor (Cube9)
[2019.10.10-18.49.40:444][261]LogSlate: FSceneViewport::OnFocusLost() reason 2
[2019.10.10-18.49.41:146][341]LogSlate: FSceneViewport::OnFocusLost() reason 2
[2019.10.10-18.49.41:194][341]Cmd: OBJ SAVEPACKAGE PACKAGE="/Game/MainLevel" FILE="../../../../../../../Unreal Projects/TeamFellowship/Content/MainLevel.umap" SILENT=true AUTOSAVING=false KEEPDIRTY=false
[2019.10.10-18.49.41:574][341]LogSavePackage: Moving '../../../../../../../Unreal Projects/TeamFellowship/Saved/MainLevelDFDDBD684FA64E56B38F03A0243E2CA9.tmp' to '../../../../../../../Unreal Projects/TeamFellowship/Content/MainLevel.umap'
[2019.10.10-18.49.41:601][341]LogFileHelpers: Saving map 'MainLevel' took 0.443
[2019.10.10-19.05.26:444][449]LogEditorViewport: Clicking on Actor (LMB): BP_Sky_Sphere_C (Sky Sphere)
[2019.10.10-19.06.12:799][  5]LogEditorViewport: Clicking on Actor (LMB): StaticMeshActor (Cube7)
[2019.10.10-19.06.14:431][189]LogSlate: FSceneViewport::OnFocusLost() reason 2
[2019.10.10-19.06.19:393][732]Cmd: TRANSACTION UNDO
[2019.10.10-19.06.19:393][732]LogEditorTransaction: Undo Move Actors
[2019.10.10-19.06.20:883][859]Cmd: TRANSACTION UNDO
[2019.10.10-19.06.20:883][859]LogEditorTransaction: Undo Replace component used material
[2019.10.10-19.06.25:063][315]LogSlate: FSceneViewport::OnFocusLost() reason 2
[2019.10.10-19.06.28:827][758]LogEditorViewport: Clicking on Actor (LMB): StaticMeshActor (Cube4)
[2019.10.10-19.06.30:873][997]LogEditorViewport: Clicking on Actor (LMB): StaticMeshActor (Cube7)
[2019.10.10-19.06.31:697][ 89]LogSlate: FSceneViewport::OnFocusLost() reason 0
[2019.10.10-19.07.09:180][636]LogFileHelpers: Editor autosave (incl. sublevels) for '/Game/MainLevel' took 0.030
[2019.10.10-19.07.12:498][647]LogSlate: FSceneViewport::OnFocusLost() reason 2
[2019.10.10-19.08.19:805][836]LogEditorViewport: Clicking on Actor (LMB): StaticMeshActor (Floor11)
[2019.10.10-19.08.21:283][991]LogSlate: FSceneViewport::OnFocusLost() reason 0
[2019.10.10-19.08.23:387][211]LogEditorViewport: Clicking on Actor (LMB): StaticMeshActor (Floor11)
[2019.10.10-19.08.26:621][523]LogSlate: FSceneViewport::OnFocusLost() reason 0
[2019.10.10-19.08.28:039][668]LogEditorViewport: Clicking on Actor (LMB): Brush (Box Brush41)
[2019.10.10-19.08.35:779][515]LogEditorViewport: Clicking on Actor (LMB): StaticMeshActor (Cube9)
[2019.10.10-19.09.20:277][374]LogSlate: FSceneViewport::OnFocusLost() reason 0
[2019.10.10-19.09.20:346][381]LogTemp: Repeating last play command: Selected Viewport
[2019.10.10-19.09.20:362][381]LogPlayLevel: PlayLevel: No blueprints needed recompiling
[2019.10.10-19.09.20:362][381]PIE: New page: PIE session: MainLevel (10 Oct 2019 21:09:20)
[2019.10.10-19.09.20:362][381]LogPlayLevel: Creating play world package: /Game/UEDPIE_0_MainLevel
[2019.10.10-19.09.20:378][381]LogPlayLevel: PIE: StaticDuplicateObject took: (0.016329s)
[2019.10.10-19.09.20:379][381]LogAIModule: Creating AISystem for world MainLevel
[2019.10.10-19.09.20:379][381]LogPlayLevel: PIE: World Init took: (0.000600s)
[2019.10.10-19.09.20:379][381]LogPlayLevel: PIE: Created PIE world by copying editor world from /Game/MainLevel.MainLevel to /Game/UEDPIE_0_MainLevel.MainLevel (0.017042s)
[2019.10.10-19.09.20:411][381]LogInit: XAudio2 using 'Headphones (SteelSeries Arctis 5 Game)' : 2 channels at 44.1 kHz using 16 bits per sample (channel mask 0x3)
[2019.10.10-19.09.20:429][381]LogInit: FAudioDevice initialized.
[2019.10.10-19.09.20:474][381]LogLoad: Game class is 'MyGameMode_C'
[2019.10.10-19.09.20:490][381]LogWorld: Bringing World /Game/UEDPIE_0_MainLevel.MainLevel up for play (max tick rate 0) at 2019.10.10-20.09.20
[2019.10.10-19.09.20:491][381]LogWorld: Bringing up level for play took: 0.014964
[2019.10.10-19.09.20:504][381]LogGameMode: Display: Match State Changed from EnteringMap to WaitingToStart
[2019.10.10-19.09.20:504][381]LogGameState: Match State Changed from EnteringMap to WaitingToStart
[2019.10.10-19.09.20:504][381]LogGameMode: Display: Match State Changed from WaitingToStart to InProgress
[2019.10.10-19.09.20:505][381]LogSlate: New Slate User Created.  User Index 8, Is Virtual User: 1
[2019.10.10-19.09.20:505][381]LogSlate: Slate User Registered.  User Index 8, Is Virtual User: 1
[2019.10.10-19.09.20:508][381]LogGameState: Match State Changed from WaitingToStart to InProgress
[2019.10.10-19.09.20:508][381]PIE: Play in editor start time for /Game/UEDPIE_0_MainLevel 0.397
[2019.10.10-19.09.20:508][381]LogBlueprintUserMessages: [LockUI_C_0] Cast
[2019.10.10-19.09.20:509][381]LogBlueprintUserMessages: [DeskLockUI_C_0] Cast
[2019.10.10-19.09.20:509][381]LogBlueprintUserMessages: [CabinetLockUI_C_0] Cast
[2019.10.10-19.09.22:437][608]LogSlate: FSceneViewport::OnFocusLost() reason 2
[2019.10.10-19.09.37:785][765]LogSlate: Updating window title bar state: overlay mode, drag disabled, window buttons hidden, title bar hidden
[2019.10.10-19.09.37:819][765]LogPlayLevel: Display: Shutting down PIE online subsystems
[2019.10.10-19.09.37:843][765]LogSlate: Updating window title bar state: overlay mode, drag disabled, window buttons hidden, title bar hidden
[2019.10.10-19.09.37:845][765]LogSlate: Slate User Unregistered.  User Index 8
[2019.10.10-19.09.37:845][765]LogSlate: Slate User Destroyed.  User Index 8, Is Virtual User: 1
[2019.10.10-19.09.37:889][768]LogPlayLevel: Display: Destroying online subsystem :Context_12
[2019.10.10-19.11.04:520][156]LogEditorViewport: Clicking on Actor (context menu): StaticMeshActor (Floor11)
[2019.10.10-19.11.04:573][156]LogSlate: FSceneViewport::OnFocusLost() reason 2
[2019.10.10-19.11.05:741][279]LogPlayLevel: PlayLevel: No blueprints needed recompiling
[2019.10.10-19.11.05:741][279]PIE: New page: PIE session: MainLevel (10 Oct 2019 21:11:05)
[2019.10.10-19.11.05:741][279]LogPlayLevel: Creating play world package: /Game/UEDPIE_0_MainLevel
[2019.10.10-19.11.05:760][279]LogPlayLevel: PIE: StaticDuplicateObject took: (0.018805s)
[2019.10.10-19.11.05:761][279]LogAIModule: Creating AISystem for world MainLevel
[2019.10.10-19.11.05:761][279]LogPlayLevel: PIE: World Init took: (0.000661s)
[2019.10.10-19.11.05:761][279]LogPlayLevel: PIE: Created PIE world by copying editor world from /Game/MainLevel.MainLevel to /Game/UEDPIE_0_MainLevel.MainLevel (0.019610s)
[2019.10.10-19.11.05:792][279]LogInit: XAudio2 using 'Headphones (SteelSeries Arctis 5 Game)' : 2 channels at 44.1 kHz using 16 bits per sample (channel mask 0x3)
[2019.10.10-19.11.05:807][279]LogInit: FAudioDevice initialized.
[2019.10.10-19.11.05:808][279]LogSlate: FSceneViewport::OnFocusLost() reason 2
[2019.10.10-19.11.05:838][279]LogLoad: Game class is 'MyGameMode_C'
[2019.10.10-19.11.05:844][279]LogWorld: Bringing World /Game/UEDPIE_0_MainLevel.MainLevel up for play (max tick rate 0) at 2019.10.10-20.11.05
[2019.10.10-19.11.05:844][279]LogWorld: Bringing up level for play took: 0.006316
[2019.10.10-19.11.05:855][279]LogGameMode: Display: Match State Changed from EnteringMap to WaitingToStart
[2019.10.10-19.11.05:855][279]LogGameState: Match State Changed from EnteringMap to WaitingToStart
[2019.10.10-19.11.05:855][279]LogGameMode: Display: Match State Changed from WaitingToStart to InProgress
[2019.10.10-19.11.05:856][279]LogSlate: New Slate User Created.  User Index 8, Is Virtual User: 1
[2019.10.10-19.11.05:856][279]LogSlate: Slate User Registered.  User Index 8, Is Virtual User: 1
[2019.10.10-19.11.05:858][279]LogGameState: Match State Changed from WaitingToStart to InProgress
[2019.10.10-19.11.05:858][279]PIE: Play in editor start time for /Game/UEDPIE_0_MainLevel -0.254
[2019.10.10-19.11.05:859][279]LogBlueprintUserMessages: [LockUI_C_0] Cast
[2019.10.10-19.11.05:859][279]LogBlueprintUserMessages: [DeskLockUI_C_0] Cast
[2019.10.10-19.11.05:859][279]LogBlueprintUserMessages: [CabinetLockUI_C_0] Cast
[2019.10.10-19.11.09:713][739]LogSlate: FSceneViewport::OnFocusLost() reason 2
[2019.10.10-19.11.35:191][216]LogSlate: Updating window title bar state: overlay mode, drag disabled, window buttons hidden, title bar hidden
[2019.10.10-19.11.35:224][216]LogPlayLevel: Display: Shutting down PIE online subsystems
[2019.10.10-19.11.35:248][216]LogSlate: Updating window title bar state: overlay mode, drag disabled, window buttons hidden, title bar hidden
[2019.10.10-19.11.35:250][216]LogSlate: Slate User Unregistered.  User Index 8
[2019.10.10-19.11.35:250][216]LogSlate: Slate User Destroyed.  User Index 8, Is Virtual User: 1
[2019.10.10-19.11.35:290][218]LogPlayLevel: Display: Destroying online subsystem :Context_13
[2019.10.10-19.16.44:473][858]LogEditorViewport: Clicking on Actor (context menu): StaticMeshActor (Floor11)
[2019.10.10-19.16.44:524][858]LogSlate: FSceneViewport::OnFocusLost() reason 2
[2019.10.10-19.16.45:904][ 18]LogEditorViewport: Clicking on Actor (LMB): BP_Sky_Sphere_C (Sky Sphere)
[2019.10.10-19.16.47:679][223]LogEditorViewport: Clicking on Actor (context menu): BP_Sky_Sphere_C (Sky Sphere)
[2019.10.10-19.16.47:710][223]LogSlate: FSceneViewport::OnFocusLost() reason 2
[2019.10.10-19.18.04:728][444]LogEditorViewport: Clicking on Actor (context menu): BP_Sky_Sphere_C (Sky Sphere)
[2019.10.10-19.18.04:759][444]LogSlate: FSceneViewport::OnFocusLost() reason 2
[2019.10.10-19.18.26:215][943]LogEditorViewport: Clicking on Actor (LMB): BP_Sky_Sphere_C (Sky Sphere)
[2019.10.10-19.18.33:246][730]Cmd: TRANSACTION UNDO
[2019.10.10-19.18.33:246][730]LogEditorTransaction: Undo Move Actors
[2019.10.10-19.19.45:979][757]LogSlate: FSceneViewport::OnFocusLost() reason 2
[2019.10.10-19.19.46:962][863]MapCheck: New page: Map Check
[2019.10.10-19.19.46:993][863]LogSlate: FSceneViewport::OnFocusLost() reason 2
[2019.10.10-19.19.47:000][863]Cmd: MAP REBUILD ALLVISIBLE
[2019.10.10-19.19.47:000][863]LogEditorServer: Rebuildmap Clear paths rebuilt
[2019.10.10-19.19.47:146][863]LightingResults: New page: Lighting Build - 10 Oct 2019 21:19:47
[2019.10.10-19.19.47:263][863]LogSwarmInterface: [OpenConnection] Registering TCP channel ...
[2019.10.10-19.19.47:334][863]LogSwarmInterface: [OpenConnection] Connecting to agent ...
[2019.10.10-19.19.47:352][863]LogSwarmInterface: [TryOpenConnection] Testing the Agent
[2019.10.10-19.19.47:901][863]LogSwarmInterface: [TryOpenConnection] Opening Connection to Agent
[2019.10.10-19.19.47:901][863]LogSwarmInterface: [TryOpenConnection] Local Process ID is 4476
[2019.10.10-19.19.51:944][863]LogStaticLightingSystem: Warning: No importance volume found, so the scene bounding box was used.  You can optimize your scene's quality and lighting build times by adding importance volumes.
[2019.10.10-19.19.51:945][863]LogStaticLightingSystem: Running Lightmass w/ ImmediateImport mode ENABLED
[2019.10.10-19.19.51:945][863]LogStaticLightingSystem: Running Lightmass w/ ImmediateProcess mode ENABLED
[2019.10.10-19.19.51:945][863]LogStaticLightingSystem: Running Lightmass w/ Sorting mode ENABLED
[2019.10.10-19.19.51:945][863]LogStaticLightingSystem: Running Lightmass w/ Mapping paddings ENABLED
[2019.10.10-19.19.51:945][863]LogStaticLightingSystem: Running Lightmass w/ Mapping debug paddings DISABLED
[2019.10.10-19.19.52:150][863]LogEditorBuildUtils: Build time 0:05
[2019.10.10-19.19.52:218][864]LogMaterial: Display: Missing cached shader map for material FLightmassMaterialRenderer Red_Mat, compiling. 
[2019.10.10-19.19.52:267][864]LogMaterial: Display: Missing cached shader map for material FLightmassMaterialRenderer Red_Mat, compiling. 
[2019.10.10-19.19.52:272][864]LogShaderCompilers: Display: Shaders left to compile 4
[2019.10.10-19.19.56:335][ 61]Job is a success!
[2019.10.10-19.19.56:377][ 62]LogSlate: FSceneViewport::OnFocusLost() reason 2
[2019.10.10-19.19.56:413][ 62]LogVolumetricLightmapImport: Imported Volumetric Lightmap in 0.008s
[2019.10.10-19.19.56:413][ 62]LogVolumetricLightmapImport:      Indirection Texture 16x16x16 = 0.0Mb
[2019.10.10-19.19.56:413][ 62]LogVolumetricLightmapImport:      BrickData 330x5x5 = 0.3Mb
[2019.10.10-19.19.56:413][ 62]LogVolumetricLightmapImport:      Bricks at Level
[2019.10.10-19.19.56:413][ 62]LogVolumetricLightmapImport:          0: 1.5% covering 100.0% of volume
[2019.10.10-19.19.56:413][ 62]LogVolumetricLightmapImport:          1: 6.1% covering 6.3% of volume
[2019.10.10-19.19.56:413][ 62]LogVolumetricLightmapImport:          2: 92.4% covering 1.5% of volume
[2019.10.10-19.19.56:455][ 62]LogMaterial: Warning: Material /Game/Blueprints/Ingredients/PlaceholderMats/Red_Mat.Red_Mat needed to have new flag set bUsedWithStaticLighting !
[2019.10.10-19.19.56:457][ 62]LogMaterial: Display: Missing cached shader map for material Red_Mat, compiling. 
[2019.10.10-19.19.56:519][ 62]LogShaderCompilers: Display: Shaders left to compile 31
[2019.10.10-19.19.56:519][ 62]LogShaderCompilers: Display: Shaders left to compile 21
[2019.10.10-19.19.56:519][ 62]LogShaderCompilers: Display: Shaders left to compile 11
[2019.10.10-19.19.56:519][ 62]LogShaderCompilers: Display: Shaders left to compile 1
[2019.10.10-19.19.56:886][ 62]LogTexture: Display: Building textures: HQ_Lightmap1_1 (AutoDXT, 1024X1024)
[2019.10.10-19.19.56:887][ 62]LogTexture: Display: Building textures: LQ_Lightmap_1_1 (DXT1, 1024X1024)
[2019.10.10-19.19.56:887][ 62]LogTexture: Display: Building textures: HQ_Lightmap1_2 (AutoDXT, 1024X1024)
[2019.10.10-19.19.56:887][ 62]LogTexture: Display: Building textures: LQ_Lightmap_1_2 (DXT1, 1024X1024)
[2019.10.10-19.19.56:887][ 62]LogTexture: Display: Building textures: LQ_Lightmap_1_3 (DXT1, 64X64)
[2019.10.10-19.19.56:887][ 62]LogTexture: Display: Building textures: HQ_Lightmap1_3 (AutoDXT, 64X64)
[2019.10.10-19.19.56:998][ 62]LogTexture: Display: Building textures: ShadowMapTexture2D_5 (G8, 32X32)
[2019.10.10-19.19.56:998][ 62]LogTexture: Display: Building textures: ShadowMapTexture2D_3 (G8, 256X512)
[2019.10.10-19.19.56:998][ 62]LogTexture: Display: Building textures: ShadowMapTexture2D_4 (G8, 1024X256)
[2019.10.10-19.19.57:045][ 62]Lightmass on CHARLIE-PC: 2.64 sec total, 99 ms importing, 19 ms setup, 511 ms photons, 1.99 sec processing, 0 ms extra exporting [237/237 mappings]. Threads: 13.8 sec total, 6.21 sec processing.
[2019.10.10-19.19.57:094][ 62]LogStaticLightingSystem: Illumination: 9.91 sec (365 ms encoding lightmaps, 104 ms encoding shadowmaps)
[2019.10.10-19.19.57:094][ 62]LogStaticLightingSystem: Lightmap texture memory:  4.0 MB (2.0 MB streaming, 2.0 MB non-streaming), 6 textures
[2019.10.10-19.19.57:094][ 62]LogStaticLightingSystem: Shadowmap texture memory: 0.5 MB (0.3 MB streaming, 0.2 MB non-streaming), 3 textures
[2019.10.10-19.19.57:970][ 62]DumpUnbuiltLightIteractions
[2019.10.10-19.19.57:970][ 62]Lights with unbuilt interactions: 0
[2019.10.10-19.19.57:970][ 62]
[2019.10.10-19.19.57:970][ 62]Primitives with unbuilt interactions: 0
[2019.10.10-19.19.57:982][ 62]LogSlate: FSceneViewport::OnFocusLost() reason 2
[2019.10.10-19.19.59:493][ 63]Cmd: MAP CHECK NOTIFYRESULTS
[2019.10.10-19.19.59:494][ 63]MapCheck: New page: MainLevel - 10 Oct 2019 21:19:59
[2019.10.10-19.19.59:533][ 63]MapCheck: Map check complete: 0 Error(s), 0 Warning(s), took 39.906ms to complete.
[2019.10.10-19.21.22:072][118]Cmd: OBJ SAVEPACKAGE PACKAGE="/Game/MainLevel" FILE="../../../../../../../Unreal Projects/TeamFellowship/Saved/Autosaves/Game/MainLevel_Auto2.umap" SILENT=true AUTOSAVING=true KEEPDIRTY=false
[2019.10.10-19.21.22:285][118]LogSavePackage: Moving '../../../../../../../Unreal Projects/TeamFellowship/Saved/MainLevel_Auto29B94EF654E9A6B9FA0A5788F7D1BED43.tmp' to '../../../../../../../Unreal Projects/TeamFellowship/Saved/Autosaves/Game/MainLevel_Auto2.umap'
[2019.10.10-19.21.22:317][118]LogFileHelpers: Editor autosave (incl. sublevels) for '/Game/MainLevel' took 0.267
[2019.10.10-19.21.22:317][118]LogFileHelpers: Editor autosave (incl. sublevels) for all levels took 0.267
[2019.10.10-19.21.22:334][118]OBJ SavePackage: Generating thumbnails for [1] asset(s) in package [/Game/Blueprints/Ingredients/PlaceholderMats/Red_Mat] ([1] browsable assets)...
[2019.10.10-19.21.22:361][118]OBJ SavePackage:     Rendered thumbnail for [Material /Game/Blueprints/Ingredients/PlaceholderMats/Red_Mat.Red_Mat]
[2019.10.10-19.21.22:361][118]OBJ SavePackage: Finished generating thumbnails for package [/Game/Blueprints/Ingredients/PlaceholderMats/Red_Mat]
[2019.10.10-19.21.22:396][118]LogSavePackage: Moving '../../../../../../../Unreal Projects/TeamFellowship/Saved/Red_Mat_Auto28B84FAAC49B5958B7051B192765AB957.tmp' to '../../../../../../../Unreal Projects/TeamFellowship/Saved/Autosaves/Game/Blueprints/Ingredients/PlaceholderMats/Red_Mat_Auto2.uasset'
[2019.10.10-19.21.22:398][118]OBJ SavePackage: Generating thumbnails for [0] asset(s) in package [/Game/MainLevel_BuiltData] ([1] browsable assets)...
[2019.10.10-19.21.22:398][118]OBJ SavePackage: Finished generating thumbnails for package [/Game/MainLevel_BuiltData]
[2019.10.10-19.21.22:398][118]Cmd: OBJ SAVEPACKAGE PACKAGE="/Game/MainLevel_BuiltData" FILE="../../../../../../../Unreal Projects/TeamFellowship/Saved/Autosaves/Game/MainLevel_BuiltData_Auto2.uasset" SILENT=false AUTOSAVING=true
[2019.10.10-19.21.22:466][118]LogSavePackage: Moving '../../../../../../../Unreal Projects/TeamFellowship/Saved/MainLevel_BuiltData_Auto2EE5FC896401E09455460A7A5EDE925F4.tmp' to '../../../../../../../Unreal Projects/TeamFellowship/Saved/Autosaves/Game/MainLevel_BuiltData_Auto2.uasset'
[2019.10.10-19.21.22:467][118]LogFileHelpers: Auto-saving content packages took 0.146
[2019.10.10-19.22.35:748][567]LogEditorViewport: Clicking on Actor (context menu): StaticMeshActor (Floor11)
[2019.10.10-19.22.35:796][567]LogSlate: FSceneViewport::OnFocusLost() reason 2
[2019.10.10-19.22.36:906][654]LogPlayLevel: PlayLevel: No blueprints needed recompiling
[2019.10.10-19.22.36:906][654]PIE: New page: PIE session: MainLevel (10 Oct 2019 21:22:36)
[2019.10.10-19.22.36:906][654]LogPlayLevel: Creating play world package: /Game/UEDPIE_0_MainLevel
[2019.10.10-19.22.36:924][654]LogPlayLevel: PIE: StaticDuplicateObject took: (0.017727s)
[2019.10.10-19.22.36:924][654]LogAIModule: Creating AISystem for world MainLevel
[2019.10.10-19.22.36:924][654]LogPlayLevel: PIE: World Init took: (0.000610s)
[2019.10.10-19.22.36:924][654]LogPlayLevel: PIE: Created PIE world by copying editor world from /Game/MainLevel.MainLevel to /Game/UEDPIE_0_MainLevel.MainLevel (0.018476s)
[2019.10.10-19.22.36:955][654]LogInit: XAudio2 using 'Headphones (SteelSeries Arctis 5 Game)' : 2 channels at 44.1 kHz using 16 bits per sample (channel mask 0x3)
[2019.10.10-19.22.36:972][654]LogInit: FAudioDevice initialized.
[2019.10.10-19.22.36:972][654]LogSlate: FSceneViewport::OnFocusLost() reason 2
[2019.10.10-19.22.37:000][654]LogLoad: Game class is 'MyGameMode_C'
[2019.10.10-19.22.37:006][654]LogWorld: Bringing World /Game/UEDPIE_0_MainLevel.MainLevel up for play (max tick rate 0) at 2019.10.10-20.22.37
[2019.10.10-19.22.37:006][654]LogWorld: Bringing up level for play took: 0.006230
[2019.10.10-19.22.37:017][654]LogGameMode: Display: Match State Changed from EnteringMap to WaitingToStart
[2019.10.10-19.22.37:017][654]LogGameState: Match State Changed from EnteringMap to WaitingToStart
[2019.10.10-19.22.37:017][654]LogGameMode: Display: Match State Changed from WaitingToStart to InProgress
[2019.10.10-19.22.37:018][654]LogSlate: New Slate User Created.  User Index 8, Is Virtual User: 1
[2019.10.10-19.22.37:018][654]LogSlate: Slate User Registered.  User Index 8, Is Virtual User: 1
[2019.10.10-19.22.37:020][654]LogGameState: Match State Changed from WaitingToStart to InProgress
[2019.10.10-19.22.37:020][654]PIE: Play in editor start time for /Game/UEDPIE_0_MainLevel 0.899
[2019.10.10-19.22.37:020][654]LogBlueprintUserMessages: [LockUI_C_0] Cast
[2019.10.10-19.22.37:021][654]LogBlueprintUserMessages: [DeskLockUI_C_0] Cast
[2019.10.10-19.22.37:021][654]LogBlueprintUserMessages: [CabinetLockUI_C_0] Cast
[2019.10.10-19.23.22:407][ 97]LogSlate: Updating window title bar state: overlay mode, drag disabled, window buttons hidden, title bar hidden
[2019.10.10-19.23.22:439][ 97]LogPlayLevel: Display: Shutting down PIE online subsystems
[2019.10.10-19.23.22:463][ 97]LogSlate: Updating window title bar state: overlay mode, drag disabled, window buttons hidden, title bar hidden
[2019.10.10-19.23.22:465][ 97]LogSlate: Slate User Unregistered.  User Index 8
[2019.10.10-19.23.22:465][ 97]LogSlate: Slate User Destroyed.  User Index 8, Is Virtual User: 1
[2019.10.10-19.23.22:506][100]LogPlayLevel: Display: Destroying online subsystem :Context_14
[2019.10.10-19.44.23:190][916]LogEditorViewport: Clicking on Actor (LMB): BP_CabinetDoor_Left_Placeholder_C (BP_CabinetDoor_Left_Placeholder)
[2019.10.10-19.44.24:805][ 76]Cmd: TRANSACTION UNDO
[2019.10.10-19.44.24:805][ 76]LogEditorTransaction: Undo Move Actors
[2019.10.10-19.44.52:018][388]Cmd: OBJ SAVEPACKAGE PACKAGE="/Game/MainLevel" FILE="../../../../../../../Unreal Projects/TeamFellowship/Saved/Autosaves/Game/MainLevel_Auto3.umap" SILENT=true AUTOSAVING=true KEEPDIRTY=false
[2019.10.10-19.44.52:235][388]LogSavePackage: Moving '../../../../../../../Unreal Projects/TeamFellowship/Saved/MainLevel_Auto3457463074ED56E48700807BCD2A2B5C6.tmp' to '../../../../../../../Unreal Projects/TeamFellowship/Saved/Autosaves/Game/MainLevel_Auto3.umap'
[2019.10.10-19.44.52:245][388]LogFileHelpers: Editor autosave (incl. sublevels) for '/Game/MainLevel' took 0.247
[2019.10.10-19.44.52:245][388]LogFileHelpers: Editor autosave (incl. sublevels) for all levels took 0.247
[2019.10.10-19.56.54:590][626]LogEditorViewport: Clicking on Actor (LMB): StaticMeshActor (Cylinder)
[2019.10.10-19.57.02:371][468]LogEditorViewport: Clicking on Actor (LMB): StaticMeshActor (Floor)
[2019.10.10-19.58.47:575][409]Cmd: OBJ SAVEPACKAGE PACKAGE="/Game/MainLevel" FILE="../../../../../../../Unreal Projects/TeamFellowship/Saved/Autosaves/Game/MainLevel_Auto4.umap" SILENT=true AUTOSAVING=true KEEPDIRTY=false
[2019.10.10-19.58.47:781][409]LogSavePackage: Moving '../../../../../../../Unreal Projects/TeamFellowship/Saved/MainLevel_Auto45CCC5C1343D2DB9F171A73B1C9118A2E.tmp' to '../../../../../../../Unreal Projects/TeamFellowship/Saved/Autosaves/Game/MainLevel_Auto4.umap'
[2019.10.10-19.58.47:824][409]LogFileHelpers: Editor autosave (incl. sublevels) for '/Game/MainLevel' took 0.290
[2019.10.10-19.58.47:824][409]LogFileHelpers: Editor autosave (incl. sublevels) for all levels took 0.290
[2019.10.10-20.14.47:485][486]LogEditorViewport: Clicking on Actor (LMB): StaticMeshActor (Floor)
[2019.10.10-20.14.49:411][705]LogEditorViewport: Clicking on Actor (LMB): StaticMeshActor (Floor2)
[2019.10.10-20.15.43:759][285]LogSlate: FSceneViewport::OnFocusLost() reason 0
[2019.10.10-20.15.58:054][922]LogEditorViewport: Clicking on Actor (LMB): BP_Sky_Sphere_C (Sky Sphere)
[2019.10.10-20.16.00:289][154]LogEditorViewport: Clicking on Actor (LMB): StaticMeshActor (Floor11)
[2019.10.10-20.16.45:873][930]Cmd: OBJ SAVEPACKAGE PACKAGE="/Game/MainLevel" FILE="../../../../../../../Unreal Projects/TeamFellowship/Saved/Autosaves/Game/MainLevel_Auto5.umap" SILENT=true AUTOSAVING=true KEEPDIRTY=false
[2019.10.10-20.16.46:087][930]LogSavePackage: Moving '../../../../../../../Unreal Projects/TeamFellowship/Saved/MainLevel_Auto50D1709ED46D0BC31EDDECDA26268ACBF.tmp' to '../../../../../../../Unreal Projects/TeamFellowship/Saved/Autosaves/Game/MainLevel_Auto5.umap'
[2019.10.10-20.16.46:088][930]LogFileHelpers: Editor autosave (incl. sublevels) for '/Game/MainLevel' took 0.249
[2019.10.10-20.16.46:088][930]LogFileHelpers: Editor autosave (incl. sublevels) for all levels took 0.249
[2019.10.10-20.24.06:539][491]LogEditorViewport: Clicking on Actor (LMB): StaticMeshActor (Cube4)
[2019.10.10-20.24.11:098][975]LogEditorViewport: Clicking on Actor (LMB): StaticMeshActor (Cube8)
[2019.10.10-20.24.13:279][211]LogEditorViewport: Clicking on Actor (LMB): StaticMeshActor (Cube9)
[2019.10.10-20.24.16:319][518]LogEditorViewport: Clicking on Actor (LMB): BP_Drawer1_C (BP_Drawer1)
[2019.10.10-20.26.46:387][459]Cmd: OBJ SAVEPACKAGE PACKAGE="/Game/MainLevel" FILE="../../../../../../../Unreal Projects/TeamFellowship/Saved/Autosaves/Game/MainLevel_Auto6.umap" SILENT=true AUTOSAVING=true KEEPDIRTY=false
[2019.10.10-20.26.46:595][459]LogSavePackage: Moving '../../../../../../../Unreal Projects/TeamFellowship/Saved/MainLevel_Auto6E3BF80694ADAC156F23A009ADD89448D.tmp' to '../../../../../../../Unreal Projects/TeamFellowship/Saved/Autosaves/Game/MainLevel_Auto6.umap'
[2019.10.10-20.26.46:596][459]LogFileHelpers: Editor autosave (incl. sublevels) for '/Game/MainLevel' took 0.266
[2019.10.10-20.26.46:596][459]LogFileHelpers: Editor autosave (incl. sublevels) for all levels took 0.266
[2019.10.10-22.52.53:813][ 92]LogSlate: FSceneViewport::OnFocusLost() reason 2
[2019.10.10-22.52.57:156][463]LogSlate: FSceneViewport::OnFocusLost() reason 2
[2019.10.10-22.52.57:202][463]Cmd: OBJ SAVEPACKAGE PACKAGE="/Game/MainLevel" FILE="../../../../../../../Unreal Projects/TeamFellowship/Content/MainLevel.umap" SILENT=true AUTOSAVING=false KEEPDIRTY=false
[2019.10.10-22.52.57:439][463]LogSavePackage: Moving '../../../../../../../Unreal Projects/TeamFellowship/Saved/MainLevelBE9833E74629007A3A72DAACD5767CF2.tmp' to '../../../../../../../Unreal Projects/TeamFellowship/Content/MainLevel.umap'
[2019.10.10-22.52.57:463][463]LogFileHelpers: Saving map 'MainLevel' took 0.296
[2019.10.10-22.52.57:465][463]Cmd: OBJ SAVEPACKAGE PACKAGE="/Game/MainLevel_BuiltData" FILE="../../../../../../../Unreal Projects/TeamFellowship/Content/MainLevel_BuiltData.uasset" SILENT=true
[2019.10.10-22.52.57:555][463]LogSavePackage: Moving '../../../../../../../Unreal Projects/TeamFellowship/Saved/MainLevel_BuiltData315D8ACA4AE3F0B1F54158B502627D13.tmp' to '../../../../../../../Unreal Projects/TeamFellowship/Content/MainLevel_BuiltData.uasset'
[2019.10.10-22.52.57:575][463]LogSavePackage: Moving '../../../../../../../Unreal Projects/TeamFellowship/Saved/Red_Mat2AFD16E645188F13F876FB88C72EC92E.tmp' to '../../../../../../../Unreal Projects/TeamFellowship/Content/Blueprints/Ingredients/PlaceholderMats/Red_Mat.uasset'
[2019.10.10-22.52.59:899][739]LogSlate: FSceneViewport::OnFocusLost() reason 0
[2019.10.10-22.53.00:125][752]LogSlate: Window 'TeamFellowship - Unreal Editor' being destroyed
[2019.10.10-22.53.00:310][753]Cmd: QUIT_EDITOR
[2019.10.10-22.53.00:476][753]LogExit: Preparing to exit.
[2019.10.10-22.53.01:425][753]LogExit: Editor shut down
[2019.10.10-22.53.01:426][753]LogExit: Transaction tracking system shut down
[2019.10.10-22.53.01:866][753]LogExit: Object subsystem successfully closed.
[2019.10.10-22.53.01:891][753]LogShaderCompilers: Display: Shaders left to compile 0
[2019.10.10-22.53.01:894][753]LogD3D11RHI: Shutdown
[2019.10.10-22.53.01:894][753]LogD3D11RHI: CleanupD3DDevice
[2019.10.10-22.53.01:896][753]LogD3D11RHI: ~FD3D11DynamicRHI
[2019.10.10-22.53.01:903][753]LogModuleManager: Shutting down and abandoning module HierarchicalLODUtilities (616)
[2019.10.10-22.53.01:903][753]LogModuleManager: Shutting down and abandoning module MovieSceneCapture (614)
[2019.10.10-22.53.01:903][753]LogModuleManager: Shutting down and abandoning module Voice (612)
[2019.10.10-22.53.01:903][753]LogModuleManager: Shutting down and abandoning module HierarchicalLODOutliner (610)
[2019.10.10-22.53.01:903][753]LogModuleManager: Shutting down and abandoning module SceneOutliner (608)
[2019.10.10-22.53.01:903][753]LogModuleManager: Shutting down and abandoning module AddContentDialog (606)
[2019.10.10-22.53.01:903][753]LogModuleManager: Shutting down and abandoning module WidgetCarousel (605)
[2019.10.10-22.53.01:903][753]LogModuleManager: Shutting down and abandoning module EditorWidgets (602)
[2019.10.10-22.53.01:903][753]LogModuleManager: Shutting down and abandoning module CollectionManager (600)
[2019.10.10-22.53.01:903][753]LogModuleManager: Shutting down and abandoning module StatsViewer (598)
[2019.10.10-22.53.01:903][753]LogModuleManager: Shutting down and abandoning module FoliageEdit (596)
[2019.10.10-22.53.01:903][753]LogModuleManager: Shutting down and abandoning module LandscapeEditor (594)
[2019.10.10-22.53.01:904][753]LogModuleManager: Shutting down and abandoning module MeshPaintMode (592)
[2019.10.10-22.53.01:904][753]LogModuleManager: Shutting down and abandoning module SceneDepthPickerMode (590)
[2019.10.10-22.53.01:904][753]LogModuleManager: Shutting down and abandoning module ActorPickerMode (588)
[2019.10.10-22.53.01:904][753]LogModuleManager: Shutting down and abandoning module GeometryMode (586)
[2019.10.10-22.53.01:904][753]LogModuleManager: Shutting down and abandoning module TextureAlignMode (584)
[2019.10.10-22.53.01:904][753]LogModuleManager: Shutting down and abandoning module BspMode (582)
[2019.10.10-22.53.01:904][753]LogModuleManager: Shutting down and abandoning module PIEPreviewDeviceProfileSelector (580)
[2019.10.10-22.53.01:904][753]LogModuleManager: Shutting down and abandoning module SequenceRecorderSections (578)
[2019.10.10-22.53.01:904][753]LogModuleManager: Shutting down and abandoning module AutomationWorker (576)
[2019.10.10-22.53.01:904][753]LogModuleManager: Shutting down and abandoning module AudioCaptureEditor (574)
[2019.10.10-22.53.01:904][753]LogModuleManager: Shutting down and abandoning module SequenceRecorder (573)
[2019.10.10-22.53.01:904][753]LogModuleManager: Shutting down and abandoning module MatineeToLevelSequence (570)
[2019.10.10-22.53.01:904][753]LogModuleManager: Shutting down and abandoning module LevelSequenceEditor (568)
[2019.10.10-22.53.01:904][753]LogModuleManager: Shutting down and abandoning module PlacementMode (567)
[2019.10.10-22.53.01:904][753]LogModuleManager: Shutting down and abandoning module MaterialEditor (566)
[2019.10.10-22.53.01:904][753]LogModuleManager: Shutting down and abandoning module WmfMediaFactory (562)
[2019.10.10-22.53.01:904][753]LogModuleManager: Shutting down and abandoning module WmfMediaEditor (560)
[2019.10.10-22.53.01:904][753]LogModuleManager: Shutting down and abandoning module MediaPlayerEditor (558)
[2019.10.10-22.53.01:904][753]LogModuleManager: Shutting down and abandoning module OpenExrWrapper (556)
[2019.10.10-22.53.01:904][753]LogModuleManager: Shutting down and abandoning module ImgMediaFactory (554)
[2019.10.10-22.53.01:904][753]LogModuleManager: Shutting down and abandoning module ImgMediaEditor (552)
[2019.10.10-22.53.01:904][753]LogModuleManager: Shutting down and abandoning module AvfMediaFactory (550)
[2019.10.10-22.53.01:904][753]LogModuleManager: Shutting down and abandoning module AvfMediaEditor (548)
[2019.10.10-22.53.01:904][753]LogModuleManager: Shutting down and abandoning module AndroidMediaFactory (546)
[2019.10.10-22.53.01:904][753]LogModuleManager: Shutting down and abandoning module AndroidMediaEditor (544)
[2019.10.10-22.53.01:904][753]LogModuleManager: Shutting down and abandoning module MagicLeapCameraPreviewFactory (542)
[2019.10.10-22.53.01:904][753]LogModuleManager: Shutting down and abandoning module MagicLeapMediaFactory (540)
[2019.10.10-22.53.01:904][753]LogModuleManager: Shutting down and abandoning module MagicLeapMediaEditor (538)
[2019.10.10-22.53.01:904][753]LogModuleManager: Shutting down and abandoning module CharacterAI (536)
[2019.10.10-22.53.01:904][753]LogModuleManager: Shutting down and abandoning module SmartSnapping (534)
[2019.10.10-22.53.01:904][753]LogModuleManager: Shutting down and abandoning module SessionServices (532)
[2019.10.10-22.53.01:904][753]LogModuleManager: Shutting down and abandoning module ViewportSnapping (530)
[2019.10.10-22.53.01:904][753]LogModuleManager: Shutting down and abandoning module ViewportInteraction (528)
[2019.10.10-22.53.01:904][753]LogModuleManager: Shutting down and abandoning module ClothPainter (526)
[2019.10.10-22.53.01:904][753]LogModuleManager: Shutting down and abandoning module SkeletalMeshEditor (525)
[2019.10.10-22.53.01:904][753]LogModuleManager: Shutting down and abandoning module LogVisualizer (522)
[2019.10.10-22.53.01:904][753]LogModuleManager: Shutting down and abandoning module IntroTutorials (520)
[2019.10.10-22.53.01:904][753]LogModuleManager: Shutting down and abandoning module GameProjectGeneration (519)
[2019.10.10-22.53.01:904][753]LogModuleManager: Shutting down and abandoning module LuminPlatformEditor (516)
[2019.10.10-22.53.01:904][753]LogModuleManager: Shutting down and abandoning module IOSPlatformEditor (514)
[2019.10.10-22.53.01:904][753]LogModuleManager: Shutting down and abandoning module HTML5PlatformEditor (512)
[2019.10.10-22.53.01:904][753]LogModuleManager: Shutting down and abandoning module AndroidPlatformEditor (510)
[2019.10.10-22.53.01:904][753]LogModuleManager: Shutting down and abandoning module AndroidDeviceDetection (509)
[2019.10.10-22.53.03:875][753]LogModuleManager: Shutting down and abandoning module WindowsPlatformEditor (506)
[2019.10.10-22.53.03:875][753]LogModuleManager: Shutting down and abandoning module LuminRuntimeSettings (504)
[2019.10.10-22.53.03:875][753]LogModuleManager: Shutting down and abandoning module IOSRuntimeSettings (502)
[2019.10.10-22.53.03:875][753]LogModuleManager: Shutting down and abandoning module AndroidRuntimeSettings (500)
[2019.10.10-22.53.03:875][753]LogModuleManager: Shutting down and abandoning module InputBindingEditor (498)
[2019.10.10-22.53.03:875][753]LogModuleManager: Shutting down and abandoning module MergeActors (496)
[2019.10.10-22.53.03:876][753]LogModuleManager: Shutting down and abandoning module LocalizationDashboard (494)
[2019.10.10-22.53.03:876][753]LogModuleManager: Shutting down and abandoning module LocalizationService (493)
[2019.10.10-22.53.03:876][753]LogModuleManager: Shutting down and abandoning module HardwareTargeting (490)
[2019.10.10-22.53.03:876][753]LogModuleManager: Shutting down and abandoning module DeviceProfileEditor (488)
[2019.10.10-22.53.03:876][753]LogModuleManager: Shutting down and abandoning module UndoHistory (486)
[2019.10.10-22.53.03:876][753]LogModuleManager: Shutting down and abandoning module XmlParser (484)
[2019.10.10-22.53.03:876][753]LogModuleManager: Shutting down and abandoning module Blutility (482)
[2019.10.10-22.53.03:876][753]LogModuleManager: Shutting down and abandoning module ProjectSettingsViewer (480)
[2019.10.10-22.53.03:876][753]LogModuleManager: Shutting down and abandoning module ProjectTargetPlatformEditor (479)
[2019.10.10-22.53.03:877][753]LogModuleManager: Shutting down and abandoning module EditorSettingsViewer (476)
[2019.10.10-22.53.03:877][753]LogModuleManager: Shutting down and abandoning module SettingsEditor (474)
[2019.10.10-22.53.03:877][753]LogModuleManager: Shutting down and abandoning module ProjectLauncher (472)
[2019.10.10-22.53.03:877][753]LogModuleManager: Shutting down and abandoning module SessionFrontend (470)
[2019.10.10-22.53.03:877][753]LogModuleManager: Shutting down and abandoning module ProfilerClient (468)
[2019.10.10-22.53.03:877][753]LogModuleManager: Shutting down and abandoning module DeviceManager (466)
[2019.10.10-22.53.03:877][753]LogModuleManager: Shutting down and abandoning module TargetDeviceServices (465)
[2019.10.10-22.53.03:918][753]LogModuleManager: Shutting down and abandoning module AutomationController (462)
[2019.10.10-22.53.03:918][753]LogModuleManager: Shutting down and abandoning module AutomationWindow (460)
[2019.10.10-22.53.03:918][753]LogModuleManager: Shutting down and abandoning module Layers (458)
[2019.10.10-22.53.03:918][753]LogModuleManager: Shutting down and abandoning module ComponentVisualizers (456)
[2019.10.10-22.53.03:918][753]LogModuleManager: Shutting down and abandoning module DetailCustomizations (454)
[2019.10.10-22.53.03:918][753]LogModuleManager: Shutting down and abandoning module PackagesDialog (452)
[2019.10.10-22.53.03:919][753]LogModuleManager: Shutting down and abandoning module Persona (450)
[2019.10.10-22.53.03:919][753]LogModuleManager: Shutting down and abandoning module AdvancedPreviewScene (449)
[2019.10.10-22.53.03:919][753]LogModuleManager: Shutting down and abandoning module AnimGraph (447)
[2019.10.10-22.53.03:919][753]LogModuleManager: Shutting down and abandoning module Kismet (444)
[2019.10.10-22.53.03:926][753]LogModuleManager: Shutting down and abandoning module GraphEditor (442)
[2019.10.10-22.53.03:926][753]LogModuleManager: Shutting down and abandoning module ClassViewer (440)
[2019.10.10-22.53.03:926][753]LogModuleManager: Shutting down and abandoning module Toolbox (438)
[2019.10.10-22.53.03:926][753]LogModuleManager: Shutting down and abandoning module ModuleUI (436)
[2019.10.10-22.53.03:926][753]LogModuleManager: Shutting down and abandoning module MovieSceneTools (434)
[2019.10.10-22.53.03:926][753]LogModuleManager: Shutting down and abandoning module OutputLog (432)
[2019.10.10-22.53.03:926][753]LogModuleManager: Shutting down and abandoning module GammaUI (430)
[2019.10.10-22.53.03:927][753]LogModuleManager: Shutting down and abandoning module Documentation (428)
[2019.10.10-22.53.03:927][753]LogModuleManager: Shutting down and abandoning module MovieSceneTracks (426)
[2019.10.10-22.53.03:927][753]LogModuleManager: Shutting down and abandoning module MovieScene (424)
[2019.10.10-22.53.03:927][753]LogModuleManager: Shutting down and abandoning module StreamingPauseRendering (422)
[2019.10.10-22.53.03:927][753]LogModuleManager: Shutting down and abandoning module LauncherPlatform (420)
[2019.10.10-22.53.03:927][753]LogModuleManager: Shutting down and abandoning module AnalyticsET (418)
[2019.10.10-22.53.03:927][753]LogModuleManager: Shutting down and abandoning module PortalServices (416)
[2019.10.10-22.53.03:927][753]LogModuleManager: Shutting down and abandoning module PortalRpc (414)
[2019.10.10-22.53.03:927][753]LogModuleManager: Shutting down and abandoning module MessagingRpc (412)
[2019.10.10-22.53.03:927][753]LogModuleManager: Shutting down and abandoning module AIModule (410)
[2019.10.10-22.53.03:927][753]LogModuleManager: Shutting down and abandoning module GameplayDebugger (409)
[2019.10.10-22.53.03:927][753]LogModuleManager: Shutting down and abandoning module AITestSuite (407)
[2019.10.10-22.53.03:927][753]LogModuleManager: Shutting down and abandoning module NavigationSystem (405)
[2019.10.10-22.53.03:928][753]LogModuleManager: Shutting down and abandoning module DesktopPlatform (402)
[2019.10.10-22.53.03:928][753]LogModuleManager: Shutting down and abandoning module ProfilerService (400)
[2019.10.10-22.53.04:079][753]LogModuleManager: Shutting down and abandoning module TaskGraph (398)
[2019.10.10-22.53.04:079][753]LogModuleManager: Shutting down and abandoning module SteamVRController (396)
[2019.10.10-22.53.04:079][753]LogModuleManager: Shutting down and abandoning module ProceduralMeshComponentEditor (394)
[2019.10.10-22.53.04:080][753]LogModuleManager: Shutting down and abandoning module ProceduralMeshComponent (392)
[2019.10.10-22.53.04:080][753]LogModuleManager: Shutting down and abandoning module OculusInput (390)
[2019.10.10-22.53.04:080][753]LogModuleManager: Shutting down and abandoning module MobilePatchingUtils (388)
[2019.10.10-22.53.04:080][753]LogModuleManager: Shutting down and abandoning module EditableMesh (386)
[2019.10.10-22.53.04:080][753]LogModuleManager: Shutting down and abandoning module CustomMeshComponent (384)
[2019.10.10-22.53.04:080][753]LogModuleManager: Shutting down and abandoning module CableComponent (382)
[2019.10.10-22.53.04:080][753]LogModuleManager: Shutting down and abandoning module AudioCapture (380)
[2019.10.10-22.53.04:080][753]LogModuleManager: Shutting down and abandoning module ArchVisCharacter (378)
[2019.10.10-22.53.04:080][753]LogModuleManager: Shutting down and abandoning module AndroidPermission (376)
[2019.10.10-22.53.04:080][753]LogModuleManager: Shutting down and abandoning module NUTUnrealEngine4 (374)
[2019.10.10-22.53.04:080][753]LogModuleManager: Shutting down and abandoning module NetcodeUnitTest (372)
[2019.10.10-22.53.04:080][753]LogModuleManager: Shutting down and abandoning module MediaCompositingEditor (370)
[2019.10.10-22.53.04:080][753]LogModuleManager: Shutting down and abandoning module MediaCompositing (368)
[2019.10.10-22.53.04:081][753]LogModuleManager: Shutting down and abandoning module LinearTimecode (366)
[2019.10.10-22.53.04:081][753]LogModuleManager: Shutting down and abandoning module ImgMedia (364)
[2019.10.10-22.53.04:095][753]LogModuleManager: Shutting down and abandoning module HTML5Networking (362)
[2019.10.10-22.53.04:095][753]LogModuleManager: Shutting down and abandoning module GeometryCacheTracks (360)
[2019.10.10-22.53.04:096][753]LogModuleManager: Shutting down and abandoning module GeometryCacheSequencer (358)
[2019.10.10-22.53.04:096][753]LogModuleManager: Shutting down and abandoning module BackChannel (356)
[2019.10.10-22.53.04:096][753]LogModuleManager: Shutting down and abandoning module AppleVision (354)
[2019.10.10-22.53.04:096][753]LogModuleManager: Shutting down and abandoning module AppleImageUtils (352)
[2019.10.10-22.53.04:096][753]LogModuleManager: Shutting down and abandoning module AlembicImporter (350)
[2019.10.10-22.53.04:096][753]LogModuleManager: Shutting down and abandoning module AlembicLibrary (349)
[2019.10.10-22.53.04:096][753]LogModuleManager: Shutting down and abandoning module GeometryCache (348)
[2019.10.10-22.53.04:096][753]LogModuleManager: Shutting down and abandoning module GeometryCacheEd (347)
[2019.10.10-22.53.04:096][753]LogModuleManager: Shutting down and abandoning module DatasmithContentEditor (342)
[2019.10.10-22.53.04:096][753]LogModuleManager: Shutting down and abandoning module DatasmithContent (340)
[2019.10.10-22.53.04:097][753]LogModuleManager: Shutting down and abandoning module SpeedTreeImporter (338)
[2019.10.10-22.53.04:097][753]LogModuleManager: Shutting down and abandoning module PluginBrowser (336)
[2019.10.10-22.53.04:097][753]LogModuleManager: Shutting down and abandoning module MobileLauncherProfileWizard (334)
[2019.10.10-22.53.04:098][753]LogModuleManager: Shutting down and abandoning module PolygonModeling (332)
[2019.10.10-22.53.04:098][753]LogModuleManager: Shutting down and abandoning module MeshEditor (330)
[2019.10.10-22.53.04:098][753]LogModuleManager: Shutting down and abandoning module CryptoKeysOpenSSL (328)
[2019.10.10-22.53.04:098][753]LogModuleManager: Shutting down and abandoning module CryptoKeys (326)
[2019.10.10-22.53.04:098][753]LogModuleManager: Shutting down and abandoning module VisualStudioSourceCodeAccess (324)
[2019.10.10-22.53.04:098][753]LogModuleManager: Shutting down and abandoning module VisualStudioCodeSourceCodeAccess (322)
[2019.10.10-22.53.04:098][753]LogModuleManager: Shutting down and abandoning module UObjectPlugin (320)
[2019.10.10-22.53.04:098][753]LogModuleManager: Shutting down and abandoning module SubversionSourceControl (318)
[2019.10.10-22.53.04:098][753]LogModuleManager: Shutting down and abandoning module PerforceSourceControl (316)
[2019.10.10-22.53.04:098][753]LogModuleManager: Shutting down and abandoning module GitSourceControl (314)
[2019.10.10-22.53.04:099][753]LogModuleManager: Shutting down and abandoning module SourceControl (313)
[2019.10.10-22.53.04:099][753]LogModuleManager: Shutting down and abandoning module CLionSourceCodeAccess (310)
[2019.10.10-22.53.04:099][753]LogModuleManager: Shutting down and abandoning module LightPropagationVolumeEditor (308)
[2019.10.10-22.53.04:099][753]LogModuleManager: Shutting down and abandoning module PaperTiledImporter (306)
[2019.10.10-22.53.04:099][753]LogModuleManager: Shutting down and abandoning module PaperSpriteSheetImporter (304)
[2019.10.10-22.53.04:099][753]LogModuleManager: Shutting down and abandoning module Paper2DEditor (302)
[2019.10.10-22.53.04:099][753]LogModuleManager: Shutting down and abandoning module MeshPaint (301)
[2019.10.10-22.53.04:099][753]LogModuleManager: Shutting down and abandoning module RuntimePhysXCooking (298)
[2019.10.10-22.53.04:099][753]LogModuleManager: Shutting down and abandoning module PhysXVehiclesEditor (296)
[2019.10.10-22.53.04:099][753]LogModuleManager: Shutting down and abandoning module PhysXVehicles (294)
[2019.10.10-22.53.04:100][753]LogModuleManager: Shutting down and abandoning module OculusEditor (292)
[2019.10.10-22.53.04:100][753]LogModuleManager: Shutting down and abandoning module LocationServicesBPLibrary (290)
[2019.10.10-22.53.04:100][753]LogModuleManager: Shutting down and abandoning module ImmediatePhysicsEditor (288)
[2019.10.10-22.53.04:100][753]LogModuleManager: Shutting down and abandoning module ImmediatePhysics (286)
[2019.10.10-22.53.04:100][753]LogModuleManager: Shutting down and abandoning module ActorSequence (284)
[2019.10.10-22.53.04:100][753]LogModuleManager: Shutting down and abandoning module UdpMessaging (282)
[2019.10.10-22.53.04:201][753]LogModuleManager: Shutting down and abandoning module TcpMessaging (280)
[2019.10.10-22.53.04:301][753]LogModuleManager: Shutting down and abandoning module MagicLeapAudio (278)
[2019.10.10-22.53.04:301][753]LogModuleManager: Shutting down and abandoning module GameplayTagsEditor (276)
[2019.10.10-22.53.04:301][753]LogModuleManager: Shutting down and abandoning module FacialAnimationEditor (274)
[2019.10.10-22.53.04:301][753]LogModuleManager: Shutting down and abandoning module FacialAnimation (272)
[2019.10.10-22.53.04:301][753]LogModuleManager: Shutting down and abandoning module DataValidation (270)
[2019.10.10-22.53.04:301][753]LogModuleManager: Shutting down and abandoning module AssetManagerEditor (268)
[2019.10.10-22.53.04:302][753]LogModuleManager: Shutting down and abandoning module LevelEditor (267)
[2019.10.10-22.53.04:304][753]LogModuleManager: Shutting down and abandoning module PixelInspectorModule (266)
[2019.10.10-22.53.04:304][753]LogModuleManager: Shutting down and abandoning module CommonMenuExtensions (264)
[2019.10.10-22.53.04:304][753]LogModuleManager: Shutting down and abandoning module MainFrame (262)
[2019.10.10-22.53.04:304][753]LogModuleManager: Shutting down and abandoning module HotReload (261)
[2019.10.10-22.53.04:305][753]LogModuleManager: Shutting down and abandoning module ContentBrowser (257)
[2019.10.10-22.53.04:308][753]LogModuleManager: Shutting down and abandoning module TreeMap (255)
[2019.10.10-22.53.04:308][753]LogModuleManager: Shutting down and abandoning module LightPropagationVolumeRuntime (252)
[2019.10.10-22.53.04:308][753]LogModuleManager: Shutting down and abandoning module AISupportModule (250)
[2019.10.10-22.53.04:308][753]LogModuleManager: Shutting down and abandoning module Paper2D (248)
[2019.10.10-22.53.04:308][753]LogModuleManager: Shutting down and abandoning module WindowsMoviePlayer (246)
[2019.10.10-22.53.04:308][753]LogModuleManager: Shutting down and abandoning module WmfMedia (244)
[2019.10.10-22.53.04:309][753]LogModuleManager: Shutting down and abandoning module Media (243)
[2019.10.10-22.53.04:316][753]LogModuleManager: Shutting down and abandoning module PacketHandler (240)
[2019.10.10-22.53.04:316][753]LogModuleManager: Shutting down and abandoning module ClothingSystemEditor (238)
[2019.10.10-22.53.04:317][753]LogModuleManager: Shutting down and abandoning module ClothingSystemRuntime (236)
[2019.10.10-22.53.04:317][753]LogModuleManager: Shutting down and abandoning module MediaAssets (234)
[2019.10.10-22.53.04:317][753]LogModuleManager: Shutting down and abandoning module Overlay (232)
[2019.10.10-22.53.04:317][753]LogModuleManager: Shutting down and abandoning module OverlayEditor (231)
[2019.10.10-22.53.04:317][753]LogModuleManager: Shutting down and abandoning module VREditor (228)
[2019.10.10-22.53.04:317][753]LogModuleManager: Shutting down and abandoning module StringTableEditor (226)
[2019.10.10-22.53.04:317][753]LogModuleManager: Shutting down and abandoning module GameplayTasksEditor (224)
[2019.10.10-22.53.04:317][753]LogModuleManager: Shutting down and abandoning module BehaviorTreeEditor (222)
[2019.10.10-22.53.04:317][753]LogModuleManager: Shutting down and abandoning module FunctionalTesting (220)
[2019.10.10-22.53.04:317][753]LogModuleManager: Shutting down and abandoning module CollisionAnalyzer (218)
[2019.10.10-22.53.04:317][753]LogModuleManager: Shutting down and abandoning module WorkspaceMenuStructure (217)
[2019.10.10-22.53.04:317][753]LogModuleManager: Shutting down and abandoning module UMG (214)
[2019.10.10-22.53.04:317][753]LogModuleManager: Shutting down and abandoning module UMGEditor (213)
[2019.10.10-22.53.04:318][753]LogModuleManager: Shutting down and abandoning module Sequencer (212)
[2019.10.10-22.53.04:318][753]LogModuleManager: Shutting down and abandoning module MessageLog (209)
[2019.10.10-22.53.04:318][753]LogModuleManager: Shutting down and abandoning module SlateReflector (204)
[2019.10.10-22.53.04:318][753]LogModuleManager: Shutting down and abandoning module Slate (202)
[2019.10.10-22.53.04:318][753]LogModuleManager: Shutting down and abandoning module EditorStyle (200)
[2019.10.10-22.53.04:323][753]LogModuleManager: Shutting down and abandoning module MRMesh (198)
[2019.10.10-22.53.04:323][753]LogModuleManager: Shutting down and abandoning module SourceCodeAccess (196)
[2019.10.10-22.53.04:323][753]LogModuleManager: Shutting down and abandoning module HeadMountedDisplay (194)
[2019.10.10-22.53.04:324][753]LogModuleManager: Shutting down and abandoning module XAudio2 (192)
[2019.10.10-22.53.04:324][753]LogModuleManager: Shutting down and abandoning module Networking (190)
[2019.10.10-22.53.04:324][753]LogModuleManager: Shutting down and abandoning module Core (188)
[2019.10.10-22.53.04:324][753]LogModuleManager: Shutting down and abandoning module LevelSequence (186)
[2019.10.10-22.53.04:324][753]LogModuleManager: Shutting down and abandoning module KismetCompiler (184)
[2019.10.10-22.53.04:324][753]LogModuleManager: Shutting down and abandoning module MeshUtilities (182)
[2019.10.10-22.53.04:324][753]LogModuleManager: Shutting down and abandoning module MeshMergeUtilities (181)
[2019.10.10-22.53.04:324][753]LogModuleManager: Shutting down and abandoning module MeshReductionInterface (180)
[2019.10.10-22.53.04:324][753]LogModuleManager: Shutting down and abandoning module SimplygonSwarm (179)
[2019.10.10-22.53.04:324][753]LogModuleManager: Shutting down and abandoning module ProxyLODMeshReduction (177)
[2019.10.10-22.53.04:324][753]LogModuleManager: Shutting down and abandoning module SimplygonMeshReduction (175)
[2019.10.10-22.53.04:324][753]LogModuleManager: Shutting down and abandoning module QuadricMeshReduction (173)
[2019.10.10-22.53.04:324][753]LogModuleManager: Shutting down and abandoning module MaterialBaking (169)
[2019.10.10-22.53.04:325][753]LogModuleManager: Shutting down and abandoning module DirectoryWatcher (165)
[2019.10.10-22.53.04:325][753]LogModuleManager: Shutting down and abandoning module DerivedDataCache (162)
[2019.10.10-22.53.04:418][753]LogDerivedDataCache: Shutdown
[2019.10.10-22.53.04:418][753]LogModuleManager: Shutting down and abandoning module XGEController (160)
[2019.10.10-22.53.04:418][753]LogModuleManager: Shutting down and abandoning module TargetPlatform (158)
[2019.10.10-22.53.04:418][753]LogModuleManager: Shutting down and abandoning module VulkanShaderFormat (157)
[2019.10.10-22.53.04:418][753]LogModuleManager: Shutting down and abandoning module ShaderFormatVectorVM (155)
[2019.10.10-22.53.04:419][753]LogModuleManager: Shutting down and abandoning module ShaderFormatOpenGL (153)
[2019.10.10-22.53.04:419][753]LogModuleManager: Shutting down and abandoning module ShaderFormatD3D (151)
[2019.10.10-22.53.04:419][753]LogModuleManager: Shutting down and abandoning module MetalShaderFormat (149)
[2019.10.10-22.53.04:419][753]LogModuleManager: Shutting down and abandoning module TextureFormatUncompressed (147)
[2019.10.10-22.53.04:419][753]LogModuleManager: Shutting down and abandoning module TextureFormatPVR (145)
[2019.10.10-22.53.04:419][753]LogModuleManager: Shutting down and abandoning module TextureFormatDXT (143)
[2019.10.10-22.53.04:419][753]LogModuleManager: Shutting down and abandoning module TextureFormatIntelISPCTexComp (141)
[2019.10.10-22.53.04:419][753]LogModuleManager: Shutting down and abandoning module TextureFormatASTC (139)
[2019.10.10-22.53.04:419][753]LogModuleManager: Shutting down and abandoning module ImageWrapper (138)
[2019.10.10-22.53.04:419][753]LogModuleManager: Shutting down and abandoning module TextureFormatAndroid (135)
[2019.10.10-22.53.04:420][753]LogModuleManager: Shutting down and abandoning module AudioFormatOpus (133)
[2019.10.10-22.53.04:420][753]LogModuleManager: Shutting down and abandoning module AudioFormatOgg (131)
[2019.10.10-22.53.04:420][753]LogModuleManager: Shutting down and abandoning module AudioFormatADPCM (129)
[2019.10.10-22.53.04:420][753]LogModuleManager: Shutting down and abandoning module LuminTargetPlatform (127)
[2019.10.10-22.53.04:420][753]LogModuleManager: Shutting down and abandoning module LinuxTargetPlatform (125)
[2019.10.10-22.53.04:420][753]LogModuleManager: Shutting down and abandoning module LinuxServerTargetPlatform (123)
[2019.10.10-22.53.04:420][753]LogModuleManager: Shutting down and abandoning module LinuxNoEditorTargetPlatform (121)
[2019.10.10-22.53.04:420][753]LogModuleManager: Shutting down and abandoning module LinuxClientTargetPlatform (119)
[2019.10.10-22.53.04:420][753]LogModuleManager: Shutting down and abandoning module TVOSTargetPlatform (117)
[2019.10.10-22.53.04:422][753]LogModuleManager: Shutting down and abandoning module Messaging (115)
[2019.10.10-22.53.04:422][753]LogModuleManager: Shutting down and abandoning module IOSTargetPlatform (113)
[2019.10.10-22.53.04:424][753]LogModuleManager: Shutting down and abandoning module HTML5TargetPlatform (111)
[2019.10.10-22.53.04:424][753]LogModuleManager: Shutting down and abandoning module AndroidTargetPlatform (109)
[2019.10.10-22.53.04:441][753]LogModuleManager: Shutting down and abandoning module WindowsTargetPlatform (107)
[2019.10.10-22.53.04:441][753]LogModuleManager: Shutting down and abandoning module WindowsServerTargetPlatform (105)
[2019.10.10-22.53.04:441][753]LogModuleManager: Shutting down and abandoning module WindowsNoEditorTargetPlatform (103)
[2019.10.10-22.53.04:442][753]LogModuleManager: Shutting down and abandoning module WindowsClientTargetPlatform (101)
[2019.10.10-22.53.04:442][753]LogModuleManager: Shutting down and abandoning module MacTargetPlatform (99)
[2019.10.10-22.53.04:442][753]LogModuleManager: Shutting down and abandoning module MacServerTargetPlatform (97)
[2019.10.10-22.53.04:442][753]LogModuleManager: Shutting down and abandoning module MacNoEditorTargetPlatform (95)
[2019.10.10-22.53.04:442][753]LogModuleManager: Shutting down and abandoning module MacClientTargetPlatform (93)
[2019.10.10-22.53.04:442][753]LogModuleManager: Shutting down and abandoning module AllDesktopTargetPlatform (91)
[2019.10.10-22.53.04:442][753]LogModuleManager: Shutting down and abandoning module InputCore (88)
[2019.10.10-22.53.04:442][753]LogModuleManager: Shutting down and abandoning module Settings (86)
[2019.10.10-22.53.04:442][753]LogModuleManager: Shutting down and abandoning module PhysXCooking (84)
[2019.10.10-22.53.04:442][753]LogModuleManager: Shutting down and abandoning module SteamVR (82)
[2019.10.10-22.53.04:442][753]LogModuleManager: Shutting down and abandoning module OculusHMD (80)
[2019.10.10-22.53.04:442][753]LogModuleManager: Shutting down and abandoning module ExampleDeviceProfileSelector (78)
[2019.10.10-22.53.04:442][753]LogModuleManager: Shutting down and abandoning module LauncherChunkInstaller (76)
[2019.10.10-22.53.04:443][753]LogModuleManager: Shutting down and abandoning module OnlineBlueprintSupport (74)
[2019.10.10-22.53.04:443][753]LogModuleManager: Shutting down and abandoning module OnlineSubsystem (70)
[2019.10.10-22.53.04:445][753]LogModuleManager: Shutting down and abandoning module XMPP (65)
[2019.10.10-22.53.04:445][753]LogModuleManager: Shutting down and abandoning module WebSockets (64)
[2019.10.10-22.53.04:484][753]LogModuleManager: Shutting down and abandoning module HTTP (61)
[2019.10.10-22.53.04:484][753]LogHttp: Display: Http module shutting down, but needs to wait on 1 outstanding Http requests:
[2019.10.10-22.53.04:484][753]LogHttp: Display: 	verb=[POST] url=[https://datarouter.ol.epicgames.com/datarouter/api/v1/public/data?SessionID=%7BA246B7FE-469C-C95A-C912-CCA09FE0AC28%7D&AppID=UEEditor.Rocket.Release&AppVersion=4.20.3-4369336%2B%2B%2BUE4%2BRelease-4.20&UserID=81269a9041c388269cf2cdb50be44fe6%7C0a0b6f3d74cb41bf8a33a4f4deda6375%7C37edb8db-99b2-4da5-a39a-47e69b96fc3a&AppEnvironment=datacollector-binary&UploadType=eteventstream] status=Processing
[2019.10.10-22.53.04:496][753]LogModuleManager: Shutting down and abandoning module SSL (60)
[2019.10.10-22.53.04:499][753]LogModuleManager: Shutting down and abandoning module MagicLeapEmulator (56)
[2019.10.10-22.53.04:499][753]LogModuleManager: Shutting down and abandoning module MagicLeapPrivileges (54)
[2019.10.10-22.53.04:499][753]LogModuleManager: Shutting down and abandoning module MagicLeapIdentity (52)
[2019.10.10-22.53.04:499][753]LogModuleManager: Shutting down and abandoning module MagicLeapHelperVulkan (50)
[2019.10.10-22.53.04:499][753]LogModuleManager: Shutting down and abandoning module MagicLeapHelperOpenGL (48)
[2019.10.10-22.53.04:499][753]LogModuleManager: Shutting down and abandoning module MagicLeapSecureStorage (46)
[2019.10.10-22.53.04:499][753]LogModuleManager: Shutting down and abandoning module MagicLeapGestures (44)
[2019.10.10-22.53.04:499][753]LogModuleManager: Shutting down and abandoning module MagicLeapEyeTracker (42)
[2019.10.10-22.53.04:499][753]LogModuleManager: Shutting down and abandoning module MagicLeapController (40)
[2019.10.10-22.53.04:499][753]LogSlate: Slate User Destroyed.  User Index 0, Is Virtual User: 0
[2019.10.10-22.53.04:500][753]LogModuleManager: Shutting down and abandoning module MagicLeap (38)
[2019.10.10-22.53.04:500][753]LogModuleManager: Shutting down and abandoning module AnimationModifiers (36)
[2019.10.10-22.53.04:500][753]LogModuleManager: Shutting down and abandoning module PropertyEditor (35)
[2019.10.10-22.53.04:500][753]LogModuleManager: Shutting down and abandoning module AudioEditor (32)
[2019.10.10-22.53.04:500][753]LogModuleManager: Shutting down and abandoning module TextureCompressor (30)
[2019.10.10-22.53.04:500][753]LogModuleManager: Shutting down and abandoning module ShaderCore (28)
[2019.10.10-22.53.04:500][753]LogModuleManager: Shutting down and abandoning module Landscape (26)
[2019.10.10-22.53.04:500][753]LogModuleManager: Shutting down and abandoning module SlateRHIRenderer (24)
[2019.10.10-22.53.04:501][753]LogModuleManager: Shutting down and abandoning module OpenGLDrv (22)
[2019.10.10-22.53.04:501][753]LogModuleManager: Shutting down and abandoning module D3D11RHI (20)
[2019.10.10-22.53.04:501][753]LogModuleManager: Shutting down and abandoning module AnimGraphRuntime (18)
[2019.10.10-22.53.04:501][753]LogModuleManager: Shutting down and abandoning module Renderer (16)
[2019.10.10-22.53.04:501][753]LogModuleManager: Shutting down and abandoning module Engine (14)
[2019.10.10-22.53.04:501][753]LogModuleManager: Shutting down and abandoning module CoreUObject (12)
[2019.10.10-22.53.04:501][753]LogModuleManager: Shutting down and abandoning module NetworkFile (10)
[2019.10.10-22.53.04:501][753]LogModuleManager: Shutting down and abandoning module CookedIterativeFile (8)
[2019.10.10-22.53.04:502][753]LogModuleManager: Shutting down and abandoning module StreamingFile (6)
[2019.10.10-22.53.04:502][753]LogModuleManager: Shutting down and abandoning module SandboxFile (4)
[2019.10.10-22.53.04:502][753]LogModuleManager: Shutting down and abandoning module PakFile (2)
[2019.10.10-22.53.04:517][753]LogExit: Exiting.
[2019.10.10-22.53.04:526][753]Log file closed, 10/10/19 23:53:04
