Log file open, 10/16/19 20:26:34
LogWindows: Failed to load 'aqProf.dll' (GetLastError=126)
LogWindows: File 'aqProf.dll' does not exist
LogWindows: Failed to load 'VSPerf140.dll' (GetLastError=126)
LogWindows: File 'VSPerf140.dll' does not exist
LogWindows: Failed to load 'VtuneApi.dll' (GetLastError=126)
LogWindows: File 'VtuneApi.dll' does not exist
LogWindows: Failed to load 'VtuneApi32e.dll' (GetLastError=126)
LogWindows: File 'VtuneApi32e.dll' does not exist
LogInit: Display: Running engine for game: TeamFellowship
LogPlatformFile: Not using cached read wrapper
LogTaskGraph: Started task graph with 5 named threads and 23 total threads with 3 sets of task threads.
LogStats: Stats thread started at 0.253205
LogD3D11RHI: Loaded GFSDK_Aftermath_Lib.x64.dll
LogICUInternationalization: Display: ICU TimeZone Detection - Raw Offset: +0:00, Platform Override: ''
LogPluginManager: Mounting plugin Paper2D
LogPluginManager: Mounting plugin AISupport
LogPluginManager: Mounting plugin LightPropagationVolume
LogPluginManager: Mounting plugin CLionSourceCodeAccess
LogPluginManager: Mounting plugin CodeLiteSourceCodeAccess
LogPluginManager: Mounting plugin GitSourceControl
LogPluginManager: Mounting plugin KDevelopSourceCodeAccess
LogPluginManager: Mounting plugin NullSourceCodeAccess
LogPluginManager: Mounting plugin PerforceSourceControl
LogPluginManager: Mounting plugin SubversionSourceControl
LogPluginManager: Mounting plugin UObjectPlugin
LogPluginManager: Mounting plugin VisualStudioCodeSourceCodeAccess
LogPluginManager: Mounting plugin VisualStudioSourceCodeAccess
LogPluginManager: Mounting plugin XCodeSourceCodeAccess
LogPluginManager: Mounting plugin AssetManagerEditor
LogPluginManager: Mounting plugin CryptoKeys
LogPluginManager: Mounting plugin DataValidation
LogPluginManager: Mounting plugin FacialAnimation
LogPluginManager: Mounting plugin GameplayTagsEditor
LogPluginManager: Mounting plugin MacGraphicsSwitching
LogPluginManager: Mounting plugin MeshEditor
LogPluginManager: Mounting plugin MobileLauncherProfileWizard
LogPluginManager: Mounting plugin PluginBrowser
LogPluginManager: Mounting plugin SpeedTreeImporter
LogPluginManager: Mounting plugin DatasmithContent
LogPluginManager: Mounting plugin AlembicImporter
LogPluginManager: Mounting plugin AppleImageUtils
LogPluginManager: Mounting plugin AppleVision
LogPluginManager: Mounting plugin BackChannel
LogPluginManager: Mounting plugin CharacterAI
LogPluginManager: Mounting plugin GeometryCache
LogPluginManager: Mounting plugin HTML5Networking
LogPluginManager: Mounting plugin ProxyLODPlugin
LogPluginManager: Mounting plugin MagicLeap
LogPluginManager: Mounting plugin MagicLeapEmulator
LogPluginManager: Mounting plugin MagicLeapMedia
LogPluginManager: Mounting plugin AndroidMedia
LogPluginManager: Mounting plugin AvfMedia
LogPluginManager: Mounting plugin ImgMedia
LogPluginManager: Mounting plugin LinearTimecode
LogPluginManager: Mounting plugin MediaCompositing
LogPluginManager: Mounting plugin MediaPlayerEditor
LogPluginManager: Mounting plugin WmfMedia
LogPluginManager: Mounting plugin TcpMessaging
LogPluginManager: Mounting plugin UdpMessaging
LogPluginManager: Mounting plugin ActorSequence
LogPluginManager: Mounting plugin LevelSequenceEditor
LogPluginManager: Mounting plugin MatineeToLevelSequence
LogPluginManager: Mounting plugin NetcodeUnitTest
LogPluginManager: Mounting plugin NUTUnrealEngine4
LogPluginManager: Mounting plugin OnlineSubsystemGooglePlay
LogPluginManager: Mounting plugin OnlineSubsystemIOS
LogPluginManager: Mounting plugin OnlineSubsystem
LogPluginManager: Mounting plugin OnlineSubsystemNull
LogPluginManager: Mounting plugin OnlineSubsystemUtils
LogPluginManager: Mounting plugin LauncherChunkInstaller
LogPluginManager: Mounting plugin AndroidDeviceProfileSelector
LogPluginManager: Mounting plugin AndroidMoviePlayer
LogPluginManager: Mounting plugin AndroidPermission
LogPluginManager: Mounting plugin AppleMoviePlayer
LogPluginManager: Mounting plugin ArchVisCharacter
LogPluginManager: Mounting plugin AudioCapture
LogPluginManager: Mounting plugin CableComponent
LogPluginManager: Mounting plugin CustomMeshComponent
LogPluginManager: Mounting plugin EditableMesh
LogPluginManager: Mounting plugin ExampleDeviceProfileSelector
LogPluginManager: Mounting plugin GoogleCloudMessaging
LogPluginManager: Mounting plugin ImmediatePhysics
LogPluginManager: Mounting plugin IOSDeviceProfileSelector
LogPluginManager: Mounting plugin LinuxDeviceProfileSelector
LogPluginManager: Mounting plugin LocationServicesBPLibrary
LogPluginManager: Mounting plugin MobilePatchingUtils
LogPluginManager: Mounting plugin OculusVR
LogPluginManager: Plugin shader directory ../../../Engine/Plugins/Runtime/Oculus/OculusVR/Shaders found
LogPluginManager: Mapping shader source directory ../../../Engine/Plugins/Runtime/Oculus/OculusVR/Shaders to virtual directory /Plugin/OculusVR
LogPluginManager: Mounting plugin PhysXVehicles
LogPluginManager: Mounting plugin ProceduralMeshComponent
LogPluginManager: Mounting plugin RuntimePhysXCooking
LogPluginManager: Mounting plugin SteamVR
LogPluginManager: Mounting plugin WindowsMoviePlayer
LogStreaming: Display: Took  0.111s to configure plugins.
LogInit: Using libcurl 7.55.1-DEV
LogInit:  - built for x86_64-pc-win32
LogInit:  - supports SSL with OpenSSL/1.0.2h
LogInit:  - supports HTTP deflate (compression) using libz 1.2.8
LogInit:  - other features:
LogInit:      CURL_VERSION_SSL
LogInit:      CURL_VERSION_LIBZ
LogInit:      CURL_VERSION_IPV6
LogInit:      CURL_VERSION_ASYNCHDNS
LogInit:      CURL_VERSION_LARGEFILE
LogInit:      CURL_VERSION_IDN
LogInit:  CurlRequestOptions (configurable via config and command line):
LogInit:  - bVerifyPeer = false  - Libcurl will NOT verify peer certificate
LogInit:  - bUseHttpProxy = false  - Libcurl will NOT use HTTP proxy
LogInit:  - bDontReuseConnections = false  - Libcurl will reuse connections
LogInit:  - CertBundlePath = nullptr  - Libcurl will use whatever was configured at build time.
LogInit:  - MaxHostConnections = 16  - Libcurl will limit the number of connections to a host
LogInit:  - LocalHostAddr = Default
LogInit:  - BufferSize = 65536
LogInit: WinSock: version 1.1 (2.2), MaxSocks=32767, MaxUdp=65467
LogInit: Build: ++UE4+Release-4.20-CL-4369336
LogInit: Engine Version: 4.20.3-4369336+++UE4+Release-4.20
LogInit: Compatible Engine Version: 4.20.0-4212847+++UE4+Release-4.20
LogInit: Net CL: 4212847
LogInit: OS: Windows 7 (Service Pack 1), CPU: Intel(R) Core(TM) i7-4770K CPU @ 3.50GHz, GPU: NVIDIA GeForce GTX 1060 6GB
LogInit: Compiled (64-bit): Sep 17 2018 12:26:19
LogInit: Compiled with Visual C++: 19.13.26129.00
LogInit: Build Configuration: Development
LogInit: Branch Name: ++UE4+Release-4.20
LogInit: Command Line: -EpicPortal  -epiclocale=en-GB
LogInit: Base Directory: A:/Program Files/Epic/Unreal/UE_4.20/Engine/Binaries/Win64/
LogInit: Installed Engine Build: 1
LogDevObjectVersion: Number of dev versions registered: 20
LogDevObjectVersion:   Dev-Blueprints (B0D832E4-1F89-4F0D-ACCF-7EB736FD4AA2): 10
LogDevObjectVersion:   Dev-Build (E1C64328-A22C-4D53-A36C-8E866417BD8C): 0
LogDevObjectVersion:   Dev-Core (375EC13C-06E4-48FB-B500-84F0262A717E): 2
LogDevObjectVersion:   Dev-Editor (E4B068ED-F494-42E9-A231-DA0B2E46BB41): 24
LogDevObjectVersion:   Dev-Framework (CFFC743F-43B0-4480-9391-14DF171D2073): 34
LogDevObjectVersion:   Dev-Mobile (B02B49B5-BB20-44E9-A304-32B752E40360): 2
LogDevObjectVersion:   Dev-Networking (A4E4105C-59A1-49B5-A7C5-40C4547EDFEE): 0
LogDevObjectVersion:   Dev-Online (39C831C9-5AE6-47DC-9A44-9C173E1C8E7C): 0
LogDevObjectVersion:   Dev-Physics (78F01B33-EBEA-4F98-B9B4-84EACCB95AA2): 0
LogDevObjectVersion:   Dev-Platform (6631380F-2D4D-43E0-8009-CF276956A95A): 0
LogDevObjectVersion:   Dev-Rendering (12F88B9F-8875-4AFC-A67C-D90C383ABD29): 26
LogDevObjectVersion:   Dev-Sequencer (7B5AE74C-D270-4C10-A958-57980B212A5A): 9
LogDevObjectVersion:   Dev-VR (D7296918-1DD6-4BDD-9DE2-64A83CC13884): 2
LogDevObjectVersion:   Dev-LoadTimes (C2A15278-BFE7-4AFE-6C17-90FF531DF755): 1
LogDevObjectVersion:   Private-Geometry (6EACA3D4-40EC-4CC1-B786-8BED09428FC5): 3
LogDevObjectVersion:   Dev-AnimPhys (29E575DD-E0A3-4627-9D10-D276232CDCEA): 17
LogDevObjectVersion:   Dev-ReflectionCapture (6B266CEC-1EC7-4B8F-A30B-E4D90942FC07): 1
LogDevObjectVersion:   Dev-Automation (0DF73D61-A23F-47EA-B727-89E90C41499A): 1
LogDevObjectVersion:   FortniteMain (601D1886-AC64-4F84-AA16-D3DE0DEAC7D6): 12
LogDevObjectVersion:   Dev-Enterprise (9DFFBCD6-494F-0158-E221-12823C92A888): 1
LogStreaming: Display: Took  0.000s to delete old logs.
LogInit: Presizing for max 8388607 objects, including 0 objects not considered by GC, pre-allocating 0 bytes for permanent pool.
LogInit: Object subsystem initialized
[2019.10.16-19.26.34:791][  0]LogInit: Selected Device Profile: [Windows]
[2019.10.16-19.26.34:791][  0]LogInit: Applying CVar settings loaded from the selected device profile: [Windows]
[2019.10.16-19.26.34:827][  0]LogHAL: Display: Platform has ~ 16 GB [17115426816 / 17179869184 / 16], which maps to Larger [LargestMinGB=32, LargerMinGB=12, DefaultMinGB=8, SmallerMinGB=6, SmallestMinGB=0)
[2019.10.16-19.26.34:827][  0]LogInit: Setting Device Profile CVar: [[r.Vulkan.UseRealUBs:1]]
[2019.10.16-19.26.34:827][  0]LogInit: Going up to parent DeviceProfile []
[2019.10.16-19.26.34:827][  0]LogInit: Computer: CHARLIE-PC
[2019.10.16-19.26.34:827][  0]LogInit: User: Charlie
[2019.10.16-19.26.34:827][  0]LogInit: CPU Page size=4096, Cores=4
[2019.10.16-19.26.34:828][  0]LogInit: High frequency timer resolution =3.416035 MHz
[2019.10.16-19.26.34:828][  0]LogMemory: Memory total: Physical=15.9GB (16GB approx)
[2019.10.16-19.26.34:828][  0]LogMemory: Platform Memory Stats for Windows
[2019.10.16-19.26.34:828][  0]LogMemory: Process Physical Memory: 103.20 MB used, 103.20 MB peak
[2019.10.16-19.26.34:828][  0]LogMemory: Process Virtual Memory: 92.67 MB used, 92.67 MB peak
[2019.10.16-19.26.34:828][  0]LogMemory: Physical Memory: 8724.94 MB used,  7597.60 MB free, 16322.54 MB total
[2019.10.16-19.26.34:828][  0]LogMemory: Virtual Memory: 489.81 MB used,  7597.60 MB free, 8388608.00 MB total
[2019.10.16-19.26.34:867][  0]LogInit: Using OS detected language (en-GB).
[2019.10.16-19.26.34:867][  0]LogInit: Using OS detected locale (en-GB).
[2019.10.16-19.26.34:867][  0]LogTextLocalizationManager: No specific localization for 'en-GB' exists, so the 'en' localization will be used.
[2019.10.16-19.26.35:230][  0]LogStreaming: Display: Took  0.363s to InitEngineTextLocalization.
[2019.10.16-19.26.35:230][  0]LogWindows: Failed to load 'shcore.dll' (GetLastError=126)
[2019.10.16-19.26.35:230][  0]LogWindows: File 'shcore.dll' does not exist
[2019.10.16-19.26.35:230][  0]LogInit: Setting process to DPI aware
[2019.10.16-19.26.35:256][  0]LogSlate: New Slate User Created.  User Index 0, Is Virtual User: 0
[2019.10.16-19.26.35:256][  0]LogSlate: Slate User Registered.  User Index 0, Is Virtual User: 0
[2019.10.16-19.26.35:406][  0]LogHMD: Failed to initialize OpenVR with code 110
[2019.10.16-19.26.35:406][  0]LogD3D11RHI: D3D11 adapters:
[2019.10.16-19.26.35:444][  0]LogD3D11RHI:    0. 'NVIDIA GeForce GTX 1060 6GB' (Feature Level 11_0)
[2019.10.16-19.26.35:444][  0]LogD3D11RHI:       6036/0/7905 MB DedicatedVideo/DedicatedSystem/SharedSystem, Outputs:2, VendorId:0x10de
[2019.10.16-19.26.35:444][  0]LogD3D11RHI: Chosen D3D11 Adapter: 0
[2019.10.16-19.26.35:452][  0]LogD3D11RHI: Creating new Direct3DDevice
[2019.10.16-19.26.35:452][  0]LogD3D11RHI:     GPU DeviceId: 0x1c03 (for the marketing name, search the web for "GPU Device Id")
[2019.10.16-19.26.35:452][  0]LogWindows: EnumDisplayDevices:
[2019.10.16-19.26.35:452][  0]LogWindows:    0. 'NVIDIA GeForce GTX 1060 6GB' (P:0 D:1)
[2019.10.16-19.26.35:452][  0]LogWindows:    1. 'NVIDIA GeForce GTX 1060 6GB' (P:1 D:1)
[2019.10.16-19.26.35:453][  0]LogWindows:    2. 'NVIDIA GeForce GTX 1060 6GB' (P:0 D:0)
[2019.10.16-19.26.35:453][  0]LogWindows:    3. 'NVIDIA GeForce GTX 1060 6GB' (P:0 D:0)
[2019.10.16-19.26.35:454][  0]LogWindows:    4. 'RDPDD Chained DD' (P:0 D:0)
[2019.10.16-19.26.35:454][  0]LogWindows:    5. 'RDP Encoder Mirror Driver' (P:0 D:0)
[2019.10.16-19.26.35:454][  0]LogWindows:    6. 'RDP Reflector Display Driver' (P:0 D:0)
[2019.10.16-19.26.35:454][  0]LogWindows: DebugString: GetVideoDriverDetailsInvalid PrimaryIsNotTheChoosenAdapter GetVideoDriverDetailsInvalid PrimaryIsNotTheChoosenAdapter GetVideoDriverDetailsInvalid PrimaryIsNotTheChoosenAdapter FoundDriverCount:4 
[2019.10.16-19.26.35:454][  0]LogD3D11RHI:     Adapter Name: NVIDIA GeForce GTX 1060 6GB
[2019.10.16-19.26.35:454][  0]LogD3D11RHI:   Driver Version: 399.07 (internal:24.21.13.9907, unified:399.07)
[2019.10.16-19.26.35:454][  0]LogD3D11RHI:      Driver Date: 8-21-2018
[2019.10.16-19.26.35:454][  0]LogRHI: Texture pool is 4225 MB (70% of 6036 MB)
[2019.10.16-19.26.35:472][  0]LogD3D11RHI: Async texture creation enabled
[2019.10.16-19.26.35:486][  0]LogD3D11RHI: GPU Timing Frequency: 1000.000000 (Debug: 2 2)
[2019.10.16-19.26.35:579][  0]LogShaderCompilers: Guid format shader working directory is -3 characters bigger than the processId version (../../../../../../../Unreal Projects/TeamFellowship/Intermediate/Shaders/WorkingDirectory/5676/).
[2019.10.16-19.26.35:579][  0]LogShaderCompilers: Cleaned the shader compiler working directory 'C:/Users/Charlie/AppData/Local/Temp/UnrealShaderWorkingDir/479C53B2470E01B5BE54AD800088B3F1/'.
[2019.10.16-19.26.35:846][  0]LogTemp: Display: Loaded TP AllDesktopTargetPlatform
[2019.10.16-19.26.35:860][  0]LogTemp: Display: Loaded TP MacClientTargetPlatform
[2019.10.16-19.26.35:872][  0]LogTemp: Display: Loaded TP MacNoEditorTargetPlatform
[2019.10.16-19.26.35:884][  0]LogTemp: Display: Loaded TP MacServerTargetPlatform
[2019.10.16-19.26.35:895][  0]LogTemp: Display: Loaded TP MacTargetPlatform
[2019.10.16-19.26.35:907][  0]LogTemp: Display: Loaded TP WindowsClientTargetPlatform
[2019.10.16-19.26.35:919][  0]LogTemp: Display: Loaded TP WindowsNoEditorTargetPlatform
[2019.10.16-19.26.35:930][  0]LogTemp: Display: Loaded TP WindowsServerTargetPlatform
[2019.10.16-19.26.35:936][  0]LogTemp: Display: Loaded TP WindowsTargetPlatform
[2019.10.16-19.26.36:006][  0]LogTemp: Display: Loaded TP AndroidTargetPlatform
[2019.10.16-19.26.36:006][  0]LogTemp: Display: Loaded TP AndroidTargetPlatform
[2019.10.16-19.26.36:006][  0]LogTemp: Display: Loaded TP AndroidTargetPlatform
[2019.10.16-19.26.36:006][  0]LogTemp: Display: Loaded TP AndroidTargetPlatform
[2019.10.16-19.26.36:006][  0]LogTemp: Display: Loaded TP AndroidTargetPlatform
[2019.10.16-19.26.36:006][  0]LogTemp: Display: Loaded TP AndroidTargetPlatform
[2019.10.16-19.26.36:006][  0]LogTemp: Display: Loaded TP AndroidTargetPlatform
[2019.10.16-19.26.36:006][  0]LogTemp: Display: Loaded TP AndroidTargetPlatform
[2019.10.16-19.26.36:006][  0]LogTemp: Display: Loaded TP AndroidTargetPlatform
[2019.10.16-19.26.36:006][  0]LogTemp: Display: Loaded TP AndroidTargetPlatform
[2019.10.16-19.26.36:006][  0]LogTemp: Display: Loaded TP AndroidTargetPlatform
[2019.10.16-19.26.36:006][  0]LogTemp: Display: Loaded TP AndroidTargetPlatform
[2019.10.16-19.26.36:006][  0]LogTemp: Display: Loaded TP AndroidTargetPlatform
[2019.10.16-19.26.36:006][  0]LogTemp: Display: Loaded TP AndroidTargetPlatform
[2019.10.16-19.26.36:006][  0]LogTemp: Display: Loaded TP AndroidTargetPlatform
[2019.10.16-19.26.36:006][  0]LogTemp: Display: Loaded TP AndroidTargetPlatform
[2019.10.16-19.26.36:006][  0]LogTemp: Display: Loaded TP AndroidTargetPlatform
[2019.10.16-19.26.36:006][  0]LogTemp: Display: Loaded TP AndroidTargetPlatform
[2019.10.16-19.26.36:008][  0]LogTemp: Display: Loaded TP HTML5TargetPlatform
[2019.10.16-19.26.36:073][  0]LogTemp: Display: Loaded TP IOSTargetPlatform
[2019.10.16-19.26.36:073][  0]LogTemp: Display: Loaded TP IOSTargetPlatform
[2019.10.16-19.26.36:111][  0]LogTemp: Display: Loaded TP TVOSTargetPlatform
[2019.10.16-19.26.36:111][  0]LogTemp: Display: Loaded TP TVOSTargetPlatform
[2019.10.16-19.26.36:122][  0]LogTemp: Display: Loaded TP LinuxClientTargetPlatform
[2019.10.16-19.26.36:133][  0]LogTemp: Display: Loaded TP LinuxNoEditorTargetPlatform
[2019.10.16-19.26.36:144][  0]LogTemp: Display: Loaded TP LinuxServerTargetPlatform
[2019.10.16-19.26.36:156][  0]LogTemp: Display: Loaded TP LinuxTargetPlatform
[2019.10.16-19.26.36:163][  0]LogTemp: Display: Loaded TP LuminTargetPlatform
[2019.10.16-19.26.36:163][  0]LogTargetPlatformManager: Display: Building Assets For Windows
[2019.10.16-19.26.36:207][  0]LogXGEController: Cannot use XGE Controller as Incredibuild is not installed on this machine.
[2019.10.16-19.26.36:207][  0]LogShaderCompilers: Cannot use XGE Shader Compiler as Incredibuild is not installed on this machine.
[2019.10.16-19.26.36:207][  0]LogShaderCompilers: Display: Using Local Shader Compiler.
[2019.10.16-19.26.36:871][  0]LogDerivedDataCache: Display: Max Cache Size: 512 MB
[2019.10.16-19.26.36:941][  0]LogDerivedDataCache: Loaded boot cache 0.07s 71MB C:/Users/Charlie/AppData/Local/UnrealEngine/4.20/DerivedDataCache/Boot.ddc.
[2019.10.16-19.26.36:941][  0]LogDerivedDataCache: Display: Loaded Boot cache: C:/Users/Charlie/AppData/Local/UnrealEngine/4.20/DerivedDataCache/Boot.ddc
[2019.10.16-19.26.36:941][  0]LogDerivedDataCache: FDerivedDataBackendGraph:  Pak pak cache file ../../../../../../../Unreal Projects/TeamFellowship/DerivedDataCache/DDC.ddp not found, will not use a pak cache.
[2019.10.16-19.26.36:941][  0]LogDerivedDataCache: Unable to find inner node Pak for hierarchical cache Hierarchy.
[2019.10.16-19.26.36:941][  0]LogDerivedDataCache: FDerivedDataBackendGraph:  CompressedPak pak cache file ../../../../../../../Unreal Projects/TeamFellowship/DerivedDataCache/Compressed.ddp not found, will not use a pak cache.
[2019.10.16-19.26.36:941][  0]LogDerivedDataCache: Unable to find inner node CompressedPak for hierarchical cache Hierarchy.
[2019.10.16-19.26.36:956][  0]LogDerivedDataCache: Display: Pak cache opened for reading ../../../Engine/DerivedDataCache/Compressed.ddp.
[2019.10.16-19.26.36:968][  0]LogDerivedDataCache: Using Local data cache path C:/Users/Charlie/AppData/Local/UnrealEngine/Common/DerivedDataCache: Writable
[2019.10.16-19.26.36:968][  0]LogDerivedDataCache: Shared data cache path not found in *engine.ini, will not use an Shared cache.
[2019.10.16-19.26.36:968][  0]LogDerivedDataCache: Unable to find inner node Shared for hierarchical cache Hierarchy.
[2019.10.16-19.26.36:987][  0]LogMaterial: Verifying Global Shaders for PCD3D_SM5
[2019.10.16-19.26.36:989][  0]LogSlate: Using FreeType 2.6.0
[2019.10.16-19.26.36:989][  0]LogSlate: SlateFontServices - WITH_FREETYPE: 1, WITH_HARFBUZZ: 1
[2019.10.16-19.26.37:054][  0]LogAssetRegistry: FAssetRegistry took 0.0239 seconds to start up
[2019.10.16-19.26.37:324][  0]LogInit: Selected Device Profile: [Windows]
[2019.10.16-19.26.37:442][  0]LogSimplygon: Simplygon DLL not present - disabling.
[2019.10.16-19.26.37:445][  0]LogMeshReduction: Using SimplygonSwarm for distributed automatic mesh merging
[2019.10.16-19.26.37:445][  0]LogMeshReduction: Using ProxyLODMeshReduction for automatic mesh merging
[2019.10.16-19.26.37:445][  0]LogMeshReduction: Using QuadricMeshReduction for automatic static mesh reduction
[2019.10.16-19.26.37:445][  0]LogMeshReduction: No automatic skeletal mesh reduction module available
[2019.10.16-19.26.37:467][  0]LogNetVersion: TeamFellowship 1.0.0, NetCL: 4212847, EngineNetVer: 5, GameNetVer: 0 (Checksum: 626393079)
[2019.10.16-19.26.37:916][  0]LogPackageLocalizationCache: Processed 11 localized package path(s) for 2 prioritized culture(s) in 0.054050 seconds
[2019.10.16-19.26.37:922][  0]LogUObjectArray: 38425 objects as part of root set at end of initial load.
[2019.10.16-19.26.37:922][  0]LogUObjectAllocator: 6690864 out of 0 bytes used by permanent object pool.
[2019.10.16-19.26.37:922][  0]LogUObjectArray: CloseDisregardForGC: 0/0 objects in disregard for GC pool
[2019.10.16-19.26.38:632][  0]LogTcpMessaging: Initializing TcpMessaging bridge
[2019.10.16-19.26.38:645][  0]LogUdpMessaging: Initializing bridge on interface 0.0.0.0:0 to multicast group 230.0.0.1:6666.
[2019.10.16-19.26.38:819][  0]SourceControl: Source control is disabled
[2019.10.16-19.26.38:819][  0]SourceControl: Source control is disabled
[2019.10.16-19.26.38:820][  0]SourceControl: Source control is disabled
[2019.10.16-19.26.38:821][  0]SourceControl: Source control is disabled
[2019.10.16-19.26.38:971][  0]LogAndroidPermission: UAndroidPermissionCallbackProxy::GetInstance
[2019.10.16-19.26.39:061][  0]LogOcInput: OculusInput pre-init called
[2019.10.16-19.26.39:116][  0]LogEngine: Initializing Engine...
[2019.10.16-19.26.39:117][  0]LogHMD: Failed to initialize OpenVR with code 110
[2019.10.16-19.26.39:118][  0]LogStats: UGameplayTagsManager::ConstructGameplayTagTree: ImportINI prefixes -  0.000 s
[2019.10.16-19.26.39:118][  0]LogStats: UGameplayTagsManager::ConstructGameplayTagTree: Construct from data asset -  0.000 s
[2019.10.16-19.26.39:118][  0]LogStats: UGameplayTagsManager::ConstructGameplayTagTree: ImportINI -  0.000 s
[2019.10.16-19.26.39:118][  0]LogStats: UGameplayTagsManager::ConstructGameplayTagTree: GameplayTagTreeChangedEvent.Broadcast -  0.000 s
[2019.10.16-19.26.39:338][  0]LogInit: Initializing FReadOnlyCVARCache
[2019.10.16-19.26.39:351][  0]LogAIModule: Creating AISystem for world Untitled
[2019.10.16-19.26.39:380][  0]LogInit: XAudio2 using 'Headphones (SteelSeries Arctis 5 Game)' : 2 channels at 44.1 kHz using 16 bits per sample (channel mask 0x3)
[2019.10.16-19.26.39:397][  0]LogInit: FAudioDevice initialized.
[2019.10.16-19.26.39:397][  0]LogNetVersion: Set ProjectVersion to 1.0.0.0. Version Checksum will be recalculated on next use.
[2019.10.16-19.26.39:510][  0]LogDerivedDataCache: Saved boot cache 0.11s 71MB C:/Users/Charlie/AppData/Local/UnrealEngine/4.20/DerivedDataCache/Boot.ddc.
[2019.10.16-19.26.39:522][  0]LogInit: Texture streaming: Enabled
[2019.10.16-19.26.39:542][  0]LogEngineSessionManager: EngineSessionManager initialized
[2019.10.16-19.26.39:554][  0]LogInit: Transaction tracking system initialized
[2019.10.16-19.26.39:578][  0]BlueprintLog: New page: Editor Load
[2019.10.16-19.26.39:635][  0]LocalizationService: Localization service is disabled
[2019.10.16-19.26.39:857][  0]LogCook: Display: Max memory allowance for cook 16384mb min free memory 0mb
[2019.10.16-19.26.39:857][  0]LogCook: Display: Mobile HDR setting 1
[2019.10.16-19.26.39:857][  0]LogGameplayTags: Display: UGameplayTagsManager::DoneAddingNativeTags. DelegateIsBound: 0
[2019.10.16-19.26.39:857][  0]LogStats: UGameplayTagsManager::ConstructGameplayTagTree: ImportINI prefixes -  0.000 s
[2019.10.16-19.26.39:857][  0]LogStats: UGameplayTagsManager::ConstructGameplayTagTree: Construct from data asset -  0.000 s
[2019.10.16-19.26.39:857][  0]LogStats: UGameplayTagsManager::ConstructGameplayTagTree: ImportINI -  0.000 s
[2019.10.16-19.26.39:857][  0]LogStats: UGameplayTagsManager::ConstructGameplayTagTree: GameplayTagTreeChangedEvent.Broadcast -  0.000 s
[2019.10.16-19.26.39:952][  0]LogFileCache: Scanning file cache for directory 'A:/Unreal Projects/TeamFellowship/Content/' took 0.01s
[2019.10.16-19.26.39:953][  0]SourceControl: Source control is disabled
[2019.10.16-19.26.39:953][  0]Cmd: MAP LOAD FILE="../../../../../../../Unreal Projects/TeamFellowship/Content/MainLevel.umap" TEMPLATE=0 SHOWPROGRESS=1 FEATURELEVEL=3
[2019.10.16-19.26.39:953][  0]LightingResults: New page: Lighting Build
[2019.10.16-19.26.39:955][  0]MapCheck: New page: Map Check
[2019.10.16-19.26.39:955][  0]LightingResults: New page: Lighting Build
[2019.10.16-19.26.41:621][  0]LogAIModule: Creating AISystem for world MainLevel
[2019.10.16-19.26.41:669][  0]LogEditorServer: Finished looking for orphan Actors (0.000 secs)
[2019.10.16-19.26.41:699][  0]Cmd: MAP CHECKDEP NOCLEARLOG
[2019.10.16-19.26.41:737][  0]MapCheck: Map check complete: 0 Error(s), 0 Warning(s), took 37.811ms to complete.
[2019.10.16-19.26.41:737][  0]LogFileHelpers: Loading map 'MainLevel' took 1.784
[2019.10.16-19.26.41:855][  0]LogSlate: Updating window title bar state: overlay mode, drag disabled, window buttons hidden, title bar hidden
[2019.10.16-19.26.41:862][  0]LogSlate: Updating window title bar state: overlay mode, drag disabled, window buttons hidden, title bar hidden
[2019.10.16-19.26.41:869][  0]LogSlate: Updating window title bar state: overlay mode, drag disabled, window buttons hidden, title bar hidden
[2019.10.16-19.26.41:876][  0]LogSlate: Updating window title bar state: overlay mode, drag disabled, window buttons hidden, title bar hidden
[2019.10.16-19.26.41:880][  0]LogCollectionManager: Loaded 0 collections in 0.000945 seconds
[2019.10.16-19.26.41:920][  0]LogFileCache: Scanning file cache for directory 'A:/Unreal Projects/TeamFellowship/Saved/Collections/' took 0.01s
[2019.10.16-19.26.41:920][  0]LogFileCache: Scanning file cache for directory 'A:/Unreal Projects/TeamFellowship/Content/Developers/Charlie/Collections/' took 0.01s
[2019.10.16-19.26.41:920][  0]LogFileCache: Scanning file cache for directory 'A:/Unreal Projects/TeamFellowship/Content/Collections/' took 0.01s
[2019.10.16-19.26.41:920][  0]LogCollectionManager: Rebuilt the GUID cache for 0 collections in 0.000000 seconds
[2019.10.16-19.26.41:929][  0]LogContentBrowser: Native class hierarchy populated in 0.0089 seconds. Added 2572 classes and 603 folders.
[2019.10.16-19.26.41:935][  0]LogContentBrowser: Native class hierarchy updated for 'WidgetCarousel' in 0.0003 seconds. Added 0 classes and 0 folders.
[2019.10.16-19.26.41:965][  0]LogContentBrowser: Native class hierarchy updated for 'AddContentDialog' in 0.0002 seconds. Added 0 classes and 0 folders.
[2019.10.16-19.26.41:969][  0]LogContentBrowser: Native class hierarchy updated for 'SceneOutliner' in 0.0003 seconds. Added 1 classes and 2 folders.
[2019.10.16-19.26.41:983][  0]LogSlate: Took 0.000120 seconds to synchronously load lazily loaded font '../../../Engine/Content/Slate/Fonts/Roboto-Regular.ttf' (155K)
[2019.10.16-19.26.41:985][  0]LogSlate: Took 0.000246 seconds to synchronously load lazily loaded font '../../../Engine/Content/Slate/Fonts/Roboto-Bold.ttf' (160K)
[2019.10.16-19.26.41:990][  0]LogSlate: Took 0.000112 seconds to synchronously load lazily loaded font '../../../Engine/Content/Editor/Slate/Fonts/FontAwesome.ttf' (139K)
[2019.10.16-19.26.42:230][  0]LogRenderer: Reallocating scene render targets to support 1132x576 Format 10 NumSamples 1 (Frame:1).
[2019.10.16-19.26.42:288][  0]LogSlate: Took 0.000141 seconds to synchronously load lazily loaded font '../../../Engine/Content/Slate/Fonts/Roboto-Light.ttf' (167K)
[2019.10.16-19.26.42:407][  0]LogContentBrowser: Native class hierarchy updated for 'HierarchicalLODOutliner' in 0.0004 seconds. Added 0 classes and 0 folders.
[2019.10.16-19.26.42:407][  0]LogLoad: (Engine Initialization) Total time: 9.14 seconds
[2019.10.16-19.26.42:407][  0]LogLoad: (Engine Initialization) Total Blueprint compile time: 0.00 seconds
[2019.10.16-19.26.42:448][  0]LogContentStreaming: Texture pool size now 1000 MB
[2019.10.16-19.26.42:546][  1]LogAssetRegistry: Asset discovery search completed in 5.5124 seconds
[2019.10.16-19.26.42:547][  1]LogCollectionManager: Rebuilt the object cache for 0 collections in 0.000000 seconds (found 0 objects)
[2019.10.16-19.26.42:547][  1]LogCollectionManager: Fixed up redirectors for 0 collections in 0.000037 seconds (updated 0 objects)
[2019.10.16-22.16.49:974][747]LogSlate: FSceneViewport::OnFocusLost() reason 2
[2019.10.16-22.16.52:156][973]LogSlate: FSceneViewport::OnFocusLost() reason 0
[2019.10.16-22.16.52:306][981]LogSlate: Window 'TeamFellowship - Unreal Editor' being destroyed
[2019.10.16-22.16.52:469][982]Cmd: QUIT_EDITOR
[2019.10.16-22.16.52:511][982]LogExit: Preparing to exit.
[2019.10.16-22.16.53:329][982]LogExit: Editor shut down
[2019.10.16-22.16.53:329][982]LogExit: Transaction tracking system shut down
[2019.10.16-22.16.53:664][982]LogExit: Object subsystem successfully closed.
[2019.10.16-22.16.53:691][982]LogShaderCompilers: Display: Shaders left to compile 0
[2019.10.16-22.16.53:696][982]LogD3D11RHI: Shutdown
[2019.10.16-22.16.53:696][982]LogD3D11RHI: CleanupD3DDevice
[2019.10.16-22.16.53:699][982]LogD3D11RHI: ~FD3D11DynamicRHI
[2019.10.16-22.16.53:711][982]LogModuleManager: Shutting down and abandoning module HierarchicalLODOutliner (610)
[2019.10.16-22.16.53:711][982]LogModuleManager: Shutting down and abandoning module SceneOutliner (608)
[2019.10.16-22.16.53:711][982]LogModuleManager: Shutting down and abandoning module AddContentDialog (606)
[2019.10.16-22.16.53:713][982]LogModuleManager: Shutting down and abandoning module WidgetCarousel (605)
[2019.10.16-22.16.53:713][982]LogModuleManager: Shutting down and abandoning module EditorWidgets (602)
[2019.10.16-22.16.53:713][982]LogModuleManager: Shutting down and abandoning module CollectionManager (600)
[2019.10.16-22.16.53:713][982]LogModuleManager: Shutting down and abandoning module StatsViewer (598)
[2019.10.16-22.16.53:713][982]LogModuleManager: Shutting down and abandoning module FoliageEdit (596)
[2019.10.16-22.16.53:713][982]LogModuleManager: Shutting down and abandoning module LandscapeEditor (594)
[2019.10.16-22.16.53:713][982]LogModuleManager: Shutting down and abandoning module MeshPaintMode (592)
[2019.10.16-22.16.53:714][982]LogModuleManager: Shutting down and abandoning module SceneDepthPickerMode (590)
[2019.10.16-22.16.53:714][982]LogModuleManager: Shutting down and abandoning module ActorPickerMode (588)
[2019.10.16-22.16.53:714][982]LogModuleManager: Shutting down and abandoning module GeometryMode (586)
[2019.10.16-22.16.53:714][982]LogModuleManager: Shutting down and abandoning module TextureAlignMode (584)
[2019.10.16-22.16.53:714][982]LogModuleManager: Shutting down and abandoning module BspMode (582)
[2019.10.16-22.16.53:714][982]LogModuleManager: Shutting down and abandoning module PIEPreviewDeviceProfileSelector (580)
[2019.10.16-22.16.53:714][982]LogModuleManager: Shutting down and abandoning module SequenceRecorderSections (578)
[2019.10.16-22.16.53:714][982]LogModuleManager: Shutting down and abandoning module AutomationWorker (576)
[2019.10.16-22.16.53:714][982]LogModuleManager: Shutting down and abandoning module AudioCaptureEditor (574)
[2019.10.16-22.16.53:714][982]LogModuleManager: Shutting down and abandoning module SequenceRecorder (573)
[2019.10.16-22.16.53:714][982]LogModuleManager: Shutting down and abandoning module MatineeToLevelSequence (570)
[2019.10.16-22.16.53:714][982]LogModuleManager: Shutting down and abandoning module LevelSequenceEditor (568)
[2019.10.16-22.16.53:714][982]LogModuleManager: Shutting down and abandoning module PlacementMode (567)
[2019.10.16-22.16.53:714][982]LogModuleManager: Shutting down and abandoning module MaterialEditor (566)
[2019.10.16-22.16.53:714][982]LogModuleManager: Shutting down and abandoning module WmfMediaFactory (562)
[2019.10.16-22.16.53:714][982]LogModuleManager: Shutting down and abandoning module WmfMediaEditor (560)
[2019.10.16-22.16.53:714][982]LogModuleManager: Shutting down and abandoning module MediaPlayerEditor (558)
[2019.10.16-22.16.53:714][982]LogModuleManager: Shutting down and abandoning module OpenExrWrapper (556)
[2019.10.16-22.16.53:714][982]LogModuleManager: Shutting down and abandoning module ImgMediaFactory (554)
[2019.10.16-22.16.53:714][982]LogModuleManager: Shutting down and abandoning module ImgMediaEditor (552)
[2019.10.16-22.16.53:714][982]LogModuleManager: Shutting down and abandoning module AvfMediaFactory (550)
[2019.10.16-22.16.53:714][982]LogModuleManager: Shutting down and abandoning module AvfMediaEditor (548)
[2019.10.16-22.16.53:715][982]LogModuleManager: Shutting down and abandoning module AndroidMediaFactory (546)
[2019.10.16-22.16.53:715][982]LogModuleManager: Shutting down and abandoning module AndroidMediaEditor (544)
[2019.10.16-22.16.53:715][982]LogModuleManager: Shutting down and abandoning module MagicLeapCameraPreviewFactory (542)
[2019.10.16-22.16.53:715][982]LogModuleManager: Shutting down and abandoning module MagicLeapMediaFactory (540)
[2019.10.16-22.16.53:715][982]LogModuleManager: Shutting down and abandoning module MagicLeapMediaEditor (538)
[2019.10.16-22.16.53:715][982]LogModuleManager: Shutting down and abandoning module CharacterAI (536)
[2019.10.16-22.16.53:715][982]LogModuleManager: Shutting down and abandoning module SmartSnapping (534)
[2019.10.16-22.16.53:715][982]LogModuleManager: Shutting down and abandoning module SessionServices (532)
[2019.10.16-22.16.53:715][982]LogModuleManager: Shutting down and abandoning module ViewportSnapping (530)
[2019.10.16-22.16.53:715][982]LogModuleManager: Shutting down and abandoning module ViewportInteraction (528)
[2019.10.16-22.16.53:715][982]LogModuleManager: Shutting down and abandoning module ClothPainter (526)
[2019.10.16-22.16.53:715][982]LogModuleManager: Shutting down and abandoning module SkeletalMeshEditor (525)
[2019.10.16-22.16.53:715][982]LogModuleManager: Shutting down and abandoning module LogVisualizer (522)
[2019.10.16-22.16.53:715][982]LogModuleManager: Shutting down and abandoning module IntroTutorials (520)
[2019.10.16-22.16.53:715][982]LogModuleManager: Shutting down and abandoning module GameProjectGeneration (519)
[2019.10.16-22.16.53:715][982]LogModuleManager: Shutting down and abandoning module LuminPlatformEditor (516)
[2019.10.16-22.16.53:715][982]LogModuleManager: Shutting down and abandoning module IOSPlatformEditor (514)
[2019.10.16-22.16.53:715][982]LogModuleManager: Shutting down and abandoning module HTML5PlatformEditor (512)
[2019.10.16-22.16.53:715][982]LogModuleManager: Shutting down and abandoning module AndroidPlatformEditor (510)
[2019.10.16-22.16.53:715][982]LogModuleManager: Shutting down and abandoning module AndroidDeviceDetection (509)
[2019.10.16-22.16.54:274][982]LogModuleManager: Shutting down and abandoning module WindowsPlatformEditor (506)
[2019.10.16-22.16.54:275][982]LogModuleManager: Shutting down and abandoning module LuminRuntimeSettings (504)
[2019.10.16-22.16.54:275][982]LogModuleManager: Shutting down and abandoning module IOSRuntimeSettings (502)
[2019.10.16-22.16.54:275][982]LogModuleManager: Shutting down and abandoning module AndroidRuntimeSettings (500)
[2019.10.16-22.16.54:275][982]LogModuleManager: Shutting down and abandoning module InputBindingEditor (498)
[2019.10.16-22.16.54:275][982]LogModuleManager: Shutting down and abandoning module MergeActors (496)
[2019.10.16-22.16.54:275][982]LogModuleManager: Shutting down and abandoning module LocalizationDashboard (494)
[2019.10.16-22.16.54:275][982]LogModuleManager: Shutting down and abandoning module LocalizationService (493)
[2019.10.16-22.16.54:275][982]LogModuleManager: Shutting down and abandoning module HardwareTargeting (490)
[2019.10.16-22.16.54:275][982]LogModuleManager: Shutting down and abandoning module DeviceProfileEditor (488)
[2019.10.16-22.16.54:275][982]LogModuleManager: Shutting down and abandoning module UndoHistory (486)
[2019.10.16-22.16.54:276][982]LogModuleManager: Shutting down and abandoning module XmlParser (484)
[2019.10.16-22.16.54:276][982]LogModuleManager: Shutting down and abandoning module Blutility (482)
[2019.10.16-22.16.54:276][982]LogModuleManager: Shutting down and abandoning module ProjectSettingsViewer (480)
[2019.10.16-22.16.54:276][982]LogModuleManager: Shutting down and abandoning module ProjectTargetPlatformEditor (479)
[2019.10.16-22.16.54:276][982]LogModuleManager: Shutting down and abandoning module EditorSettingsViewer (476)
[2019.10.16-22.16.54:276][982]LogModuleManager: Shutting down and abandoning module SettingsEditor (474)
[2019.10.16-22.16.54:276][982]LogModuleManager: Shutting down and abandoning module ProjectLauncher (472)
[2019.10.16-22.16.54:277][982]LogModuleManager: Shutting down and abandoning module SessionFrontend (470)
[2019.10.16-22.16.54:277][982]LogModuleManager: Shutting down and abandoning module ProfilerClient (468)
[2019.10.16-22.16.54:277][982]LogModuleManager: Shutting down and abandoning module DeviceManager (466)
[2019.10.16-22.16.54:277][982]LogModuleManager: Shutting down and abandoning module TargetDeviceServices (465)
[2019.10.16-22.16.54:317][982]LogModuleManager: Shutting down and abandoning module AutomationController (462)
[2019.10.16-22.16.54:317][982]LogModuleManager: Shutting down and abandoning module AutomationWindow (460)
[2019.10.16-22.16.54:317][982]LogModuleManager: Shutting down and abandoning module Layers (458)
[2019.10.16-22.16.54:317][982]LogModuleManager: Shutting down and abandoning module ComponentVisualizers (456)
[2019.10.16-22.16.54:317][982]LogModuleManager: Shutting down and abandoning module DetailCustomizations (454)
[2019.10.16-22.16.54:317][982]LogModuleManager: Shutting down and abandoning module PackagesDialog (452)
[2019.10.16-22.16.54:318][982]LogModuleManager: Shutting down and abandoning module Persona (450)
[2019.10.16-22.16.54:318][982]LogModuleManager: Shutting down and abandoning module AdvancedPreviewScene (449)
[2019.10.16-22.16.54:319][982]LogModuleManager: Shutting down and abandoning module AnimGraph (447)
[2019.10.16-22.16.54:319][982]LogModuleManager: Shutting down and abandoning module Kismet (444)
[2019.10.16-22.16.54:327][982]LogModuleManager: Shutting down and abandoning module GraphEditor (442)
[2019.10.16-22.16.54:327][982]LogModuleManager: Shutting down and abandoning module ClassViewer (440)
[2019.10.16-22.16.54:327][982]LogModuleManager: Shutting down and abandoning module Toolbox (438)
[2019.10.16-22.16.54:327][982]LogModuleManager: Shutting down and abandoning module ModuleUI (436)
[2019.10.16-22.16.54:328][982]LogModuleManager: Shutting down and abandoning module MovieSceneTools (434)
[2019.10.16-22.16.54:328][982]LogModuleManager: Shutting down and abandoning module OutputLog (432)
[2019.10.16-22.16.54:328][982]LogModuleManager: Shutting down and abandoning module GammaUI (430)
[2019.10.16-22.16.54:328][982]LogModuleManager: Shutting down and abandoning module Documentation (428)
[2019.10.16-22.16.54:328][982]LogModuleManager: Shutting down and abandoning module MovieSceneTracks (426)
[2019.10.16-22.16.54:328][982]LogModuleManager: Shutting down and abandoning module MovieScene (424)
[2019.10.16-22.16.54:328][982]LogModuleManager: Shutting down and abandoning module StreamingPauseRendering (422)
[2019.10.16-22.16.54:328][982]LogModuleManager: Shutting down and abandoning module LauncherPlatform (420)
[2019.10.16-22.16.54:328][982]LogModuleManager: Shutting down and abandoning module AnalyticsET (418)
[2019.10.16-22.16.54:328][982]LogModuleManager: Shutting down and abandoning module PortalServices (416)
[2019.10.16-22.16.54:328][982]LogModuleManager: Shutting down and abandoning module PortalRpc (414)
[2019.10.16-22.16.54:329][982]LogModuleManager: Shutting down and abandoning module MessagingRpc (412)
[2019.10.16-22.16.54:329][982]LogModuleManager: Shutting down and abandoning module AIModule (410)
[2019.10.16-22.16.54:329][982]LogModuleManager: Shutting down and abandoning module GameplayDebugger (409)
[2019.10.16-22.16.54:329][982]LogModuleManager: Shutting down and abandoning module AITestSuite (407)
[2019.10.16-22.16.54:329][982]LogModuleManager: Shutting down and abandoning module NavigationSystem (405)
[2019.10.16-22.16.54:329][982]LogModuleManager: Shutting down and abandoning module DesktopPlatform (402)
[2019.10.16-22.16.54:329][982]LogModuleManager: Shutting down and abandoning module ProfilerService (400)
[2019.10.16-22.16.54:590][982]LogModuleManager: Shutting down and abandoning module TaskGraph (398)
[2019.10.16-22.16.54:590][982]LogModuleManager: Shutting down and abandoning module SteamVRController (396)
[2019.10.16-22.16.54:590][982]LogModuleManager: Shutting down and abandoning module ProceduralMeshComponentEditor (394)
[2019.10.16-22.16.54:590][982]LogModuleManager: Shutting down and abandoning module ProceduralMeshComponent (392)
[2019.10.16-22.16.54:590][982]LogModuleManager: Shutting down and abandoning module OculusInput (390)
[2019.10.16-22.16.54:590][982]LogModuleManager: Shutting down and abandoning module MobilePatchingUtils (388)
[2019.10.16-22.16.54:590][982]LogModuleManager: Shutting down and abandoning module EditableMesh (386)
[2019.10.16-22.16.54:590][982]LogModuleManager: Shutting down and abandoning module CustomMeshComponent (384)
[2019.10.16-22.16.54:590][982]LogModuleManager: Shutting down and abandoning module CableComponent (382)
[2019.10.16-22.16.54:590][982]LogModuleManager: Shutting down and abandoning module AudioCapture (380)
[2019.10.16-22.16.54:590][982]LogModuleManager: Shutting down and abandoning module ArchVisCharacter (378)
[2019.10.16-22.16.54:590][982]LogModuleManager: Shutting down and abandoning module AndroidPermission (376)
[2019.10.16-22.16.54:590][982]LogModuleManager: Shutting down and abandoning module NUTUnrealEngine4 (374)
[2019.10.16-22.16.54:590][982]LogModuleManager: Shutting down and abandoning module NetcodeUnitTest (372)
[2019.10.16-22.16.54:590][982]LogModuleManager: Shutting down and abandoning module MediaCompositingEditor (370)
[2019.10.16-22.16.54:590][982]LogModuleManager: Shutting down and abandoning module MediaCompositing (368)
[2019.10.16-22.16.54:590][982]LogModuleManager: Shutting down and abandoning module LinearTimecode (366)
[2019.10.16-22.16.54:590][982]LogModuleManager: Shutting down and abandoning module ImgMedia (364)
[2019.10.16-22.16.54:594][982]LogModuleManager: Shutting down and abandoning module HTML5Networking (362)
[2019.10.16-22.16.54:594][982]LogModuleManager: Shutting down and abandoning module GeometryCacheTracks (360)
[2019.10.16-22.16.54:594][982]LogModuleManager: Shutting down and abandoning module GeometryCacheSequencer (358)
[2019.10.16-22.16.54:594][982]LogModuleManager: Shutting down and abandoning module BackChannel (356)
[2019.10.16-22.16.54:594][982]LogModuleManager: Shutting down and abandoning module AppleVision (354)
[2019.10.16-22.16.54:594][982]LogModuleManager: Shutting down and abandoning module AppleImageUtils (352)
[2019.10.16-22.16.54:594][982]LogModuleManager: Shutting down and abandoning module AlembicImporter (350)
[2019.10.16-22.16.54:594][982]LogModuleManager: Shutting down and abandoning module AlembicLibrary (349)
[2019.10.16-22.16.54:594][982]LogModuleManager: Shutting down and abandoning module GeometryCache (348)
[2019.10.16-22.16.54:594][982]LogModuleManager: Shutting down and abandoning module GeometryCacheEd (347)
[2019.10.16-22.16.54:594][982]LogModuleManager: Shutting down and abandoning module DatasmithContentEditor (342)
[2019.10.16-22.16.54:594][982]LogModuleManager: Shutting down and abandoning module DatasmithContent (340)
[2019.10.16-22.16.54:594][982]LogModuleManager: Shutting down and abandoning module SpeedTreeImporter (338)
[2019.10.16-22.16.54:594][982]LogModuleManager: Shutting down and abandoning module PluginBrowser (336)
[2019.10.16-22.16.54:594][982]LogModuleManager: Shutting down and abandoning module MobileLauncherProfileWizard (334)
[2019.10.16-22.16.54:594][982]LogModuleManager: Shutting down and abandoning module PolygonModeling (332)
[2019.10.16-22.16.54:594][982]LogModuleManager: Shutting down and abandoning module MeshEditor (330)
[2019.10.16-22.16.54:594][982]LogModuleManager: Shutting down and abandoning module CryptoKeysOpenSSL (328)
[2019.10.16-22.16.54:594][982]LogModuleManager: Shutting down and abandoning module CryptoKeys (326)
[2019.10.16-22.16.54:594][982]LogModuleManager: Shutting down and abandoning module VisualStudioSourceCodeAccess (324)
[2019.10.16-22.16.54:594][982]LogModuleManager: Shutting down and abandoning module VisualStudioCodeSourceCodeAccess (322)
[2019.10.16-22.16.54:595][982]LogModuleManager: Shutting down and abandoning module UObjectPlugin (320)
[2019.10.16-22.16.54:595][982]LogModuleManager: Shutting down and abandoning module SubversionSourceControl (318)
[2019.10.16-22.16.54:595][982]LogModuleManager: Shutting down and abandoning module PerforceSourceControl (316)
[2019.10.16-22.16.54:595][982]LogModuleManager: Shutting down and abandoning module GitSourceControl (314)
[2019.10.16-22.16.54:595][982]LogModuleManager: Shutting down and abandoning module SourceControl (313)
[2019.10.16-22.16.54:595][982]LogModuleManager: Shutting down and abandoning module CLionSourceCodeAccess (310)
[2019.10.16-22.16.54:595][982]LogModuleManager: Shutting down and abandoning module LightPropagationVolumeEditor (308)
[2019.10.16-22.16.54:595][982]LogModuleManager: Shutting down and abandoning module PaperTiledImporter (306)
[2019.10.16-22.16.54:595][982]LogModuleManager: Shutting down and abandoning module PaperSpriteSheetImporter (304)
[2019.10.16-22.16.54:595][982]LogModuleManager: Shutting down and abandoning module Paper2DEditor (302)
[2019.10.16-22.16.54:595][982]LogModuleManager: Shutting down and abandoning module MeshPaint (301)
[2019.10.16-22.16.54:595][982]LogModuleManager: Shutting down and abandoning module RuntimePhysXCooking (298)
[2019.10.16-22.16.54:595][982]LogModuleManager: Shutting down and abandoning module PhysXVehiclesEditor (296)
[2019.10.16-22.16.54:595][982]LogModuleManager: Shutting down and abandoning module PhysXVehicles (294)
[2019.10.16-22.16.54:595][982]LogModuleManager: Shutting down and abandoning module OculusEditor (292)
[2019.10.16-22.16.54:595][982]LogModuleManager: Shutting down and abandoning module LocationServicesBPLibrary (290)
[2019.10.16-22.16.54:595][982]LogModuleManager: Shutting down and abandoning module ImmediatePhysicsEditor (288)
[2019.10.16-22.16.54:595][982]LogModuleManager: Shutting down and abandoning module ImmediatePhysics (286)
[2019.10.16-22.16.54:595][982]LogModuleManager: Shutting down and abandoning module ActorSequence (284)
[2019.10.16-22.16.54:595][982]LogModuleManager: Shutting down and abandoning module UdpMessaging (282)
